Release 12.4 Map M.81d (lin64)
Xilinx Mapping Report File for Design 'Nexys3v6'

Design Information
------------------
Command Line   : map -intstyle ise -p xc6slx16-csg324-3 -w -logic_opt off -ol
high -t 1 -xt 0 -register_duplication off -r 4 -global_opt off -mt off -ir off
-pr b -lc auto -power off -o Nexys3v6_map.ncd Nexys3v6.ngd Nexys3v6.pcf 
Target Device  : xc6slx16
Target Package : csg324
Target Speed   : -3
Mapper Version : spartan6 -- $Revision: 1.52.76.2 $
Mapped Date    : Tue Dec 13 14:13:57 2016

Interim Summary
---------------
Slice Logic Utilization:
  Number of Slice Registers:                 1,393 out of  18,224    7%
    Number used as Flip Flops:               1,388
    Number used as Latches:                      0
    Number used as Latch-thrus:                  0
    Number used as AND/OR logics:                5
  Number of Slice LUTs:                      7,301 out of   9,112   80%
    Number used as logic:                    6,647 out of   9,112   72%
      Number using O6 output only:           4,112
      Number using O5 output only:             233
      Number using O5 and O6:                2,302
      Number used as ROM:                        0
    Number used as Memory:                     605 out of   2,176   27%
      Number used as Dual Port RAM:            412
        Number using O6 output only:           334
        Number using O5 output only:             0
        Number using O5 and O6:                 78
      Number used as Single Port RAM:          192
        Number using O6 output only:             0
        Number using O5 output only:             0
        Number using O5 and O6:                192
      Number used as Shift Register:             1
        Number using O6 output only:             1
        Number using O5 output only:             0
        Number using O5 and O6:                  0
    Number used exclusively as route-thrus:     49
      Number with same-slice register load:      0
      Number with same-slice carry load:        46
      Number with other load:                    3

Slice Logic Distribution:
  Number of LUT Flip Flop pairs used:        7,452
    Number with an unused Flip Flop:         6,269 out of   7,452   84%
    Number with an unused LUT:                 151 out of   7,452    2%
    Number of fully used LUT-FF pairs:       1,032 out of   7,452   13%
    Number of unique control sets:             238
    Number of slice register sites lost
      to control set restrictions:           1,169 out of  18,224    6%

  A LUT Flip Flop pair for this architecture represents one LUT paired with
  one Flip Flop within a slice.  A control set is a unique combination of
  clock, reset, set, and enable signals for a registered element.
  The Slice Logic Distribution report is not meaningful if the design is
  over-mapped for a non-slice resource or if Placement fails.

IO Utilization:
  Number of bonded IOBs:                        39 out of     232   16%
    Number of LOCed IOBs:                       39 out of      39  100%
    IOB Flip Flops:                             22

Specific Feature Utilization:
  Number of RAMB16BWERs:                         0 out of      32    0%
  Number of RAMB8BWERs:                         32 out of      64   50%
  Number of BUFIO2/BUFIO2_2CLKs:                 1 out of      32    3%
    Number used as BUFIO2s:                      1
    Number used as BUFIO2_2CLKs:                 0
  Number of BUFIO2FB/BUFIO2FB_2CLKs:             1 out of      32    3%
    Number used as BUFIO2FBs:                    1
    Number used as BUFIO2FB_2CLKs:               0
  Number of BUFG/BUFGMUXs:                       2 out of      16   12%
    Number used as BUFGs:                        2
    Number used as BUFGMUX:                      0
  Number of DCM/DCM_CLKGENs:                     1 out of       4   25%
    Number used as DCMs:                         1
    Number used as DCM_CLKGENs:                  0
  Number of ILOGIC2/ISERDES2s:                  14 out of     248    5%
    Number used as ILOGIC2s:                    14
    Number used as ISERDES2s:                    0
  Number of IODELAY2/IODRP2/IODRP2_MCBs:         0 out of     248    0%
  Number of OLOGIC2/OSERDES2s:                   8 out of     248    3%
    Number used as OLOGIC2s:                     8
    Number used as OSERDES2s:                    0
  Number of BSCANs:                              0 out of       4    0%
  Number of BUFHs:                               0 out of     128    0%
  Number of BUFPLLs:                             0 out of       8    0%
  Number of BUFPLL_MCBs:                         0 out of       4    0%
  Number of DSP48A1s:                            0 out of      32    0%
  Number of ICAPs:                               0 out of       1    0%
  Number of MCBs:                                0 out of       2    0%
  Number of PCILOGICSEs:                         0 out of       2    0%
  Number of PLL_ADVs:                            0 out of       2    0%
  Number of PMVs:                                0 out of       1    0%
  Number of STARTUPs:                            0 out of       1    0%
  Number of SUSPEND_SYNCs:                       0 out of       1    0%


Design Summary
--------------
Number of errors   :   3
Number of warnings :   0

Section 1 - Errors
------------------
ERROR:Place:543 - This design does not fit into the number of slices available in this device due to the complexity of
   the design and/or constraints.

   Unplaced instances by type:

     LUTM    196 (22.4%)

   Please evaluate the following:

   - If there are user-defined constraints or area groups:
     Please look at the "User-defined constraints" section below to determine
     what constraints might be impacting the fitting of this design.
     Evaluate if they can be moved, removed or resized to allow for fitting.
     Verify that they do not overlap or conflict with clock region restrictions.
     See the clock region reports in the MAP log file (*map) for more details
     on clock region usage.

   - If there is difficulty in placing LUTs:
     Try using the MAP LUT Combining Option (map lc area|auto|off).

   - If there is difficulty in placing FFs:
     Evaluate the number and configuration of the control sets in your design.

   The following instances are the last set of instances that failed to place:

   0. my_Master/Instbus<0> (size: 2)
      LUTM my_Master/Inst_mem_Master/multi_bank[0].bank/Mram_RAM64bit/SP
      LUTM my_Master/Inst_mem_Master/multi_bank[0].bank/Mram_RAM64bit/DP
   1. my_Master/Instbus<2> (size: 2)
      LUTM my_Master/Inst_mem_Master/multi_bank[2].bank/Mram_RAM64bit/SP
      LUTM my_Master/Inst_mem_Master/multi_bank[2].bank/Mram_RAM64bit/DP
   2. my_Master/Instbus<3> (size: 2)
      LUTM my_Master/Inst_mem_Master/multi_bank[3].bank/Mram_RAM64bit/SP
      LUTM my_Master/Inst_mem_Master/multi_bank[3].bank/Mram_RAM64bit/DP
   3. my_Master/Instbus<1> (size: 2)
      LUTM my_Master/Inst_mem_Master/multi_bank[1].bank/Mram_RAM64bit/SP
      LUTM my_Master/Inst_mem_Master/multi_bank[1].bank/Mram_RAM64bit/DP
   4. my_Master/Instbus<4> (size: 2)
      LUTM my_Master/Inst_mem_Master/multi_bank[4].bank/Mram_RAM64bit/SP
      LUTM my_Master/Inst_mem_Master/multi_bank[4].bank/Mram_RAM64bit/DP
   5. my_Master/Instbus<5> (size: 2)
      LUTM my_Master/Inst_mem_Master/multi_bank[5].bank/Mram_RAM64bit/SP
      LUTM my_Master/Inst_mem_Master/multi_bank[5].bank/Mram_RAM64bit/DP
   6. my_Master/Instbus<7> (size: 2)
      LUTM my_Master/Inst_mem_Master/multi_bank[7].bank/Mram_RAM64bit/SP
      LUTM my_Master/Inst_mem_Master/multi_bank[7].bank/Mram_RAM64bit/DP
   7. my_Master/Instbus<8> (size: 2)
      LUTM my_Master/Inst_mem_Master/multi_bank[8].bank/Mram_RAM64bit/SP
      LUTM my_Master/Inst_mem_Master/multi_bank[8].bank/Mram_RAM64bit/DP
   8. my_Master/Instbus<6> (size: 2)
      LUTM my_Master/Inst_mem_Master/multi_bank[6].bank/Mram_RAM64bit/SP
      LUTM my_Master/Inst_mem_Master/multi_bank[6].bank/Mram_RAM64bit/DP
   9. my_Master/Instbus<9> (size: 2)
      LUTM my_Master/Inst_mem_Master/multi_bank[9].bank/Mram_RAM64bit/SP
      LUTM my_Master/Inst_mem_Master/multi_bank[9].bank/Mram_RAM64bit/DP
   10. my_Master/Instbus<10> (size: 2)
       LUTM my_Master/Inst_mem_Master/multi_bank[10].bank/Mram_RAM64bit/SP
       LUTM my_Master/Inst_mem_Master/multi_bank[10].bank/Mram_RAM64bit/DP
   11. my_Master/Instbus<12> (size: 2)
       LUTM my_Master/Inst_mem_Master/multi_bank[12].bank/Mram_RAM64bit/SP
       LUTM my_Master/Inst_mem_Master/multi_bank[12].bank/Mram_RAM64bit/DP
   12. my_Master/Instbus<13> (size: 2)
       LUTM my_Master/Inst_mem_Master/multi_bank[13].bank/Mram_RAM64bit/SP
       LUTM my_Master/Inst_mem_Master/multi_bank[13].bank/Mram_RAM64bit/DP
   13. my_Master/Instbus<11> (size: 2)
       LUTM my_Master/Inst_mem_Master/multi_bank[11].bank/Mram_RAM64bit/SP
       LUTM my_Master/Inst_mem_Master/multi_bank[11].bank/Mram_RAM64bit/DP
   14. my_Master/Instbus<15> (size: 2)
       LUTM my_Master/Inst_mem_Master/multi_bank[15].bank/Mram_RAM64bit/SP
       LUTM my_Master/Inst_mem_Master/multi_bank[15].bank/Mram_RAM64bit/DP
   15. my_Master/Instbus<16> (size: 2)
       LUTM my_Master/Inst_mem_Master/multi_bank[16].bank/Mram_RAM64bit/SP
       LUTM my_Master/Inst_mem_Master/multi_bank[16].bank/Mram_RAM64bit/DP
   16. my_Master/Instbus<14> (size: 2)
       LUTM my_Master/Inst_mem_Master/multi_bank[14].bank/Mram_RAM64bit/SP
       LUTM my_Master/Inst_mem_Master/multi_bank[14].bank/Mram_RAM64bit/DP
   17. my_Master/Instbus<18> (size: 2)
       LUTM my_Master/Inst_mem_Master/multi_bank[18].bank/Mram_RAM64bit/SP
       LUTM my_Master/Inst_mem_Master/multi_bank[18].bank/Mram_RAM64bit/DP
   18. my_Master/Instbus<19> (size: 2)
       LUTM my_Master/Inst_mem_Master/multi_bank[19].bank/Mram_RAM64bit/SP
       LUTM my_Master/Inst_mem_Master/multi_bank[19].bank/Mram_RAM64bit/DP
   19. my_Master/Instbus<17> (size: 2)
       LUTM my_Master/Inst_mem_Master/multi_bank[17].bank/Mram_RAM64bit/SP
       LUTM my_Master/Inst_mem_Master/multi_bank[17].bank/Mram_RAM64bit/DP
   20. my_Master/Instbus<23> (size: 2)
       LUTM my_Master/Inst_mem_Master/multi_bank[23].bank/Mram_RAM64bit/SP
       LUTM my_Master/Inst_mem_Master/multi_bank[23].bank/Mram_RAM64bit/DP
   21. my_Master/Instbus<24> (size: 2)
       LUTM my_Master/Inst_mem_Master/multi_bank[24].bank/Mram_RAM64bit/SP
       LUTM my_Master/Inst_mem_Master/multi_bank[24].bank/Mram_RAM64bit/DP
   22. my_Master/Instbus<22> (size: 2)
       LUTM my_Master/Inst_mem_Master/multi_bank[22].bank/Mram_RAM64bit/SP
       LUTM my_Master/Inst_mem_Master/multi_bank[22].bank/Mram_RAM64bit/DP
   23. my_Master/Instbus<25> (size: 2)
       LUTM my_Master/Inst_mem_Master/multi_bank[25].bank/Mram_RAM64bit/SP
       LUTM my_Master/Inst_mem_Master/multi_bank[25].bank/Mram_RAM64bit/DP
   24. my_Master/Instbus<26> (size: 2)
       LUTM my_Master/Inst_mem_Master/multi_bank[26].bank/Mram_RAM64bit/SP
       LUTM my_Master/Inst_mem_Master/multi_bank[26].bank/Mram_RAM64bit/DP
   25. my_Master/Instbus<28> (size: 2)
       LUTM my_Master/Inst_mem_Master/multi_bank[28].bank/Mram_RAM64bit/SP
       LUTM my_Master/Inst_mem_Master/multi_bank[28].bank/Mram_RAM64bit/DP
   26. my_Master/Instbus<29> (size: 2)
       LUTM my_Master/Inst_mem_Master/multi_bank[29].bank/Mram_RAM64bit/SP
       LUTM my_Master/Inst_mem_Master/multi_bank[29].bank/Mram_RAM64bit/DP
   27. my_Master/Instbus<27> (size: 2)
       LUTM my_Master/Inst_mem_Master/multi_bank[27].bank/Mram_RAM64bit/SP
       LUTM my_Master/Inst_mem_Master/multi_bank[27].bank/Mram_RAM64bit/DP
   28. my_Master/Instbus<30> (size: 2)
       LUTM my_Master/Inst_mem_Master/multi_bank[30].bank/Mram_RAM64bit/SP
       LUTM my_Master/Inst_mem_Master/multi_bank[30].bank/Mram_RAM64bit/DP
   29. my_Master/Instbus<31> (size: 2)
       LUTM my_Master/Inst_mem_Master/multi_bank[31].bank/Mram_RAM64bit/SP
       LUTM my_Master/Inst_mem_Master/multi_bank[31].bank/Mram_RAM64bit/DP
   30. my_Master/Xslaves[1].Yslaves[0].One_salve/Instbus<1> (size: 2)
       LUTM my_Master/Xslaves[1].Yslaves[0].One_salve/Inst_mem_Slave/multi_bank[1].bank/Mram_RAM64bit/SP
       LUTM my_Master/Xslaves[1].Yslaves[0].One_salve/Inst_mem_Slave/multi_bank[1].bank/Mram_RAM64bit/DP
   31. my_Master/Xslaves[1].Yslaves[0].One_salve/Instbus<3> (size: 2)
       LUTM my_Master/Xslaves[1].Yslaves[0].One_salve/Inst_mem_Slave/multi_bank[3].bank/Mram_RAM64bit/SP
       LUTM my_Master/Xslaves[1].Yslaves[0].One_salve/Inst_mem_Slave/multi_bank[3].bank/Mram_RAM64bit/DP
   32. my_Master/Xslaves[1].Yslaves[0].One_salve/Instbus<2> (size: 2)
       LUTM my_Master/Xslaves[1].Yslaves[0].One_salve/Inst_mem_Slave/multi_bank[2].bank/Mram_RAM64bit/SP
       LUTM my_Master/Xslaves[1].Yslaves[0].One_salve/Inst_mem_Slave/multi_bank[2].bank/Mram_RAM64bit/DP
   33. my_Master/Xslaves[1].Yslaves[0].One_salve/Instbus<5> (size: 2)
       LUTM my_Master/Xslaves[1].Yslaves[0].One_salve/Inst_mem_Slave/multi_bank[5].bank/Mram_RAM64bit/SP
       LUTM my_Master/Xslaves[1].Yslaves[0].One_salve/Inst_mem_Slave/multi_bank[5].bank/Mram_RAM64bit/DP
   34. my_Master/Xslaves[1].Yslaves[0].One_salve/Instbus<6> (size: 2)
       LUTM my_Master/Xslaves[1].Yslaves[0].One_salve/Inst_mem_Slave/multi_bank[6].bank/Mram_RAM64bit/SP
       LUTM my_Master/Xslaves[1].Yslaves[0].One_salve/Inst_mem_Slave/multi_bank[6].bank/Mram_RAM64bit/DP
   35. my_Master/Xslaves[1].Yslaves[0].One_salve/Instbus<8> (size: 2)
       LUTM my_Master/Xslaves[1].Yslaves[0].One_salve/Inst_mem_Slave/multi_bank[8].bank/Mram_RAM64bit/SP
       LUTM my_Master/Xslaves[1].Yslaves[0].One_salve/Inst_mem_Slave/multi_bank[8].bank/Mram_RAM64bit/DP
   36. my_Master/Xslaves[1].Yslaves[0].One_salve/Instbus<9> (size: 2)
       LUTM my_Master/Xslaves[1].Yslaves[0].One_salve/Inst_mem_Slave/multi_bank[9].bank/Mram_RAM64bit/SP
       LUTM my_Master/Xslaves[1].Yslaves[0].One_salve/Inst_mem_Slave/multi_bank[9].bank/Mram_RAM64bit/DP
   37. my_Master/Xslaves[1].Yslaves[0].One_salve/Instbus<7> (size: 2)
       LUTM my_Master/Xslaves[1].Yslaves[0].One_salve/Inst_mem_Slave/multi_bank[7].bank/Mram_RAM64bit/SP
       LUTM my_Master/Xslaves[1].Yslaves[0].One_salve/Inst_mem_Slave/multi_bank[7].bank/Mram_RAM64bit/DP
   38. my_Master/Xslaves[1].Yslaves[0].One_salve/Instbus<10> (size: 2)
       LUTM my_Master/Xslaves[1].Yslaves[0].One_salve/Inst_mem_Slave/multi_bank[10].bank/Mram_RAM64bit/SP
       LUTM my_Master/Xslaves[1].Yslaves[0].One_salve/Inst_mem_Slave/multi_bank[10].bank/Mram_RAM64bit/DP
   39. my_Master/Xslaves[1].Yslaves[0].One_salve/Instbus<12> (size: 2)
       LUTM my_Master/Xslaves[1].Yslaves[0].One_salve/Inst_mem_Slave/multi_bank[12].bank/Mram_RAM64bit/SP
       LUTM my_Master/Xslaves[1].Yslaves[0].One_salve/Inst_mem_Slave/multi_bank[12].bank/Mram_RAM64bit/DP
   40. my_Master/Xslaves[1].Yslaves[0].One_salve/Instbus<13> (size: 2)
       LUTM my_Master/Xslaves[1].Yslaves[0].One_salve/Inst_mem_Slave/multi_bank[13].bank/Mram_RAM64bit/SP
       LUTM my_Master/Xslaves[1].Yslaves[0].One_salve/Inst_mem_Slave/multi_bank[13].bank/Mram_RAM64bit/DP
   41. my_Master/Xslaves[1].Yslaves[0].One_salve/Instbus<14> (size: 2)
       LUTM my_Master/Xslaves[1].Yslaves[0].One_salve/Inst_mem_Slave/multi_bank[14].bank/Mram_RAM64bit/SP
       LUTM my_Master/Xslaves[1].Yslaves[0].One_salve/Inst_mem_Slave/multi_bank[14].bank/Mram_RAM64bit/DP
   42. my_Master/Xslaves[1].Yslaves[0].One_salve/Instbus<15> (size: 2)
       LUTM my_Master/Xslaves[1].Yslaves[0].One_salve/Inst_mem_Slave/multi_bank[15].bank/Mram_RAM64bit/SP
       LUTM my_Master/Xslaves[1].Yslaves[0].One_salve/Inst_mem_Slave/multi_bank[15].bank/Mram_RAM64bit/DP
   43. my_Master/Xslaves[1].Yslaves[0].One_salve/Instbus<17> (size: 2)
       LUTM my_Master/Xslaves[1].Yslaves[0].One_salve/Inst_mem_Slave/multi_bank[17].bank/Mram_RAM64bit/SP
       LUTM my_Master/Xslaves[1].Yslaves[0].One_salve/Inst_mem_Slave/multi_bank[17].bank/Mram_RAM64bit/DP
   44. my_Master/Xslaves[1].Yslaves[0].One_salve/Instbus<16> (size: 2)
       LUTM my_Master/Xslaves[1].Yslaves[0].One_salve/Inst_mem_Slave/multi_bank[16].bank/Mram_RAM64bit/SP
       LUTM my_Master/Xslaves[1].Yslaves[0].One_salve/Inst_mem_Slave/multi_bank[16].bank/Mram_RAM64bit/DP
   45. my_Master/Xslaves[1].Yslaves[0].One_salve/Instbus<19> (size: 2)
       LUTM my_Master/Xslaves[1].Yslaves[0].One_salve/Inst_mem_Slave/multi_bank[19].bank/Mram_RAM64bit/SP
       LUTM my_Master/Xslaves[1].Yslaves[0].One_salve/Inst_mem_Slave/multi_bank[19].bank/Mram_RAM64bit/DP
   46. my_Master/Xslaves[1].Yslaves[0].One_salve/Instbus<20> (size: 2)
       LUTM my_Master/Xslaves[1].Yslaves[0].One_salve/Inst_mem_Slave/multi_bank[20].bank/Mram_RAM64bit/SP
       LUTM my_Master/Xslaves[1].Yslaves[0].One_salve/Inst_mem_Slave/multi_bank[20].bank/Mram_RAM64bit/DP
   47. my_Master/Xslaves[1].Yslaves[0].One_salve/Instbus<23> (size: 2)
       LUTM my_Master/Xslaves[1].Yslaves[0].One_salve/Inst_mem_Slave/multi_bank[23].bank/Mram_RAM64bit/SP
       LUTM my_Master/Xslaves[1].Yslaves[0].One_salve/Inst_mem_Slave/multi_bank[23].bank/Mram_RAM64bit/DP
   48. my_Master/Xslaves[1].Yslaves[0].One_salve/Instbus<28> (size: 2)
       LUTM my_Master/Xslaves[1].Yslaves[0].One_salve/Inst_mem_Slave/multi_bank[28].bank/Mram_RAM64bit/SP
       LUTM my_Master/Xslaves[1].Yslaves[0].One_salve/Inst_mem_Slave/multi_bank[28].bank/Mram_RAM64bit/DP
   49. my_Master/Xslaves[1].Yslaves[0].One_salve/Instbus<29> (size: 2)
       LUTM my_Master/Xslaves[1].Yslaves[0].One_salve/Inst_mem_Slave/multi_bank[29].bank/Mram_RAM64bit/SP
       LUTM my_Master/Xslaves[1].Yslaves[0].One_salve/Inst_mem_Slave/multi_bank[29].bank/Mram_RAM64bit/DP
   50. my_Master/Xslaves[1].Yslaves[0].One_salve/Instbus<31> (size: 2)
       LUTM my_Master/Xslaves[1].Yslaves[0].One_salve/Inst_mem_Slave/multi_bank[31].bank/Mram_RAM64bit/SP
       LUTM my_Master/Xslaves[1].Yslaves[0].One_salve/Inst_mem_Slave/multi_bank[31].bank/Mram_RAM64bit/DP
   51. my_Master/Xslaves[1].Yslaves[0].One_salve/Instbus<32> (size: 2)
       LUTM my_Master/Xslaves[1].Yslaves[0].One_salve/Inst_mem_Slave/multi_bank[32].bank/Mram_RAM64bit/SP
       LUTM my_Master/Xslaves[1].Yslaves[0].One_salve/Inst_mem_Slave/multi_bank[32].bank/Mram_RAM64bit/DP
   52. my_Master/Xslaves[1].Yslaves[0].One_salve/Instbus<33> (size: 2)
       LUTM my_Master/Xslaves[1].Yslaves[0].One_salve/Inst_mem_Slave/multi_bank[33].bank/Mram_RAM64bit/SP
       LUTM my_Master/Xslaves[1].Yslaves[0].One_salve/Inst_mem_Slave/multi_bank[33].bank/Mram_RAM64bit/DP
   53. my_Master/Xslaves[1].Yslaves[0].One_salve/Instbus<34> (size: 2)
       LUTM my_Master/Xslaves[1].Yslaves[0].One_salve/Inst_mem_Slave/multi_bank[34].bank/Mram_RAM64bit/SP
       LUTM my_Master/Xslaves[1].Yslaves[0].One_salve/Inst_mem_Slave/multi_bank[34].bank/Mram_RAM64bit/DP
   54. my_Master/Xslaves[1].Yslaves[0].One_salve/Instbus<40> (size: 2)
       LUTM my_Master/Xslaves[1].Yslaves[0].One_salve/Inst_mem_Slave/multi_bank[40].bank/Mram_RAM64bit/SP
       LUTM my_Master/Xslaves[1].Yslaves[0].One_salve/Inst_mem_Slave/multi_bank[40].bank/Mram_RAM64bit/DP
   55. my_Master/Xslaves[1].Yslaves[0].One_salve/Instbus<41> (size: 2)
       LUTM my_Master/Xslaves[1].Yslaves[0].One_salve/Inst_mem_Slave/multi_bank[41].bank/Mram_RAM64bit/SP
       LUTM my_Master/Xslaves[1].Yslaves[0].One_salve/Inst_mem_Slave/multi_bank[41].bank/Mram_RAM64bit/DP
   56. my_Master/Xslaves[1].Yslaves[0].One_salve/Instbus<45> (size: 2)
       LUTM my_Master/Xslaves[1].Yslaves[0].One_salve/Inst_mem_Slave/multi_bank[45].bank/Mram_RAM64bit/SP
       LUTM my_Master/Xslaves[1].Yslaves[0].One_salve/Inst_mem_Slave/multi_bank[45].bank/Mram_RAM64bit/DP
   57. my_Master/Xslaves[1].Yslaves[0].One_salve/Instbus<43> (size: 2)
       LUTM my_Master/Xslaves[1].Yslaves[0].One_salve/Inst_mem_Slave/multi_bank[43].bank/Mram_RAM64bit/SP
       LUTM my_Master/Xslaves[1].Yslaves[0].One_salve/Inst_mem_Slave/multi_bank[43].bank/Mram_RAM64bit/DP
   58. my_Master/Xslaves[1].Yslaves[0].One_salve/Instbus<46> (size: 2)
       LUTM my_Master/Xslaves[1].Yslaves[0].One_salve/Inst_mem_Slave/multi_bank[46].bank/Mram_RAM64bit/SP
       LUTM my_Master/Xslaves[1].Yslaves[0].One_salve/Inst_mem_Slave/multi_bank[46].bank/Mram_RAM64bit/DP
   59. my_Master/Xslaves[1].Yslaves[0].One_salve/Instbus<47> (size: 2)
       LUTM my_Master/Xslaves[1].Yslaves[0].One_salve/Inst_mem_Slave/multi_bank[47].bank/Mram_RAM64bit/SP
       LUTM my_Master/Xslaves[1].Yslaves[0].One_salve/Inst_mem_Slave/multi_bank[47].bank/Mram_RAM64bit/DP
   60. my_Master/Xslaves[1].Yslaves[0].One_salve/Instbus<48> (size: 2)
       LUTM my_Master/Xslaves[1].Yslaves[0].One_salve/Inst_mem_Slave/multi_bank[48].bank/Mram_RAM64bit/SP
       LUTM my_Master/Xslaves[1].Yslaves[0].One_salve/Inst_mem_Slave/multi_bank[48].bank/Mram_RAM64bit/DP
   61. my_Master/Xslaves[1].Yslaves[0].One_salve/Instbus<49> (size: 2)
       LUTM my_Master/Xslaves[1].Yslaves[0].One_salve/Inst_mem_Slave/multi_bank[49].bank/Mram_RAM64bit/SP
       LUTM my_Master/Xslaves[1].Yslaves[0].One_salve/Inst_mem_Slave/multi_bank[49].bank/Mram_RAM64bit/DP
   62. my_Master/Xslaves[1].Yslaves[0].One_salve/Instbus<50> (size: 2)
       LUTM my_Master/Xslaves[1].Yslaves[0].One_salve/Inst_mem_Slave/multi_bank[50].bank/Mram_RAM64bit/SP
       LUTM my_Master/Xslaves[1].Yslaves[0].One_salve/Inst_mem_Slave/multi_bank[50].bank/Mram_RAM64bit/DP
   63. my_Master/Xslaves[1].Yslaves[0].One_salve/Instbus<51> (size: 2)
       LUTM my_Master/Xslaves[1].Yslaves[0].One_salve/Inst_mem_Slave/multi_bank[51].bank/Mram_RAM64bit/SP
       LUTM my_Master/Xslaves[1].Yslaves[0].One_salve/Inst_mem_Slave/multi_bank[51].bank/Mram_RAM64bit/DP
   64. my_Master/Xslaves[1].Yslaves[0].One_salve/Instbus<54> (size: 2)
       LUTM my_Master/Xslaves[1].Yslaves[0].One_salve/Inst_mem_Slave/multi_bank[54].bank/Mram_RAM64bit/SP
       LUTM my_Master/Xslaves[1].Yslaves[0].One_salve/Inst_mem_Slave/multi_bank[54].bank/Mram_RAM64bit/DP
   65. my_Master/Xslaves[1].Yslaves[0].One_salve/Instbus<63> (size: 2)
       LUTM my_Master/Xslaves[1].Yslaves[0].One_salve/Inst_mem_Slave/multi_bank[63].bank/Mram_RAM64bit/SP
       LUTM my_Master/Xslaves[1].Yslaves[0].One_salve/Inst_mem_Slave/multi_bank[63].bank/Mram_RAM64bit/DP
   66. my_Master/Xslaves[1].Yslaves[0].One_salve/Instbus<61> (size: 2)
       LUTM my_Master/Xslaves[1].Yslaves[0].One_salve/Inst_mem_Slave/multi_bank[61].bank/Mram_RAM64bit/SP
       LUTM my_Master/Xslaves[1].Yslaves[0].One_salve/Inst_mem_Slave/multi_bank[61].bank/Mram_RAM64bit/DP
   67. my_Master/Xslaves[0].Yslaves[0].One_salve/Instbus<0> (size: 2)
       LUTM my_Master/Xslaves[0].Yslaves[0].One_salve/Inst_mem_Slave/multi_bank[0].bank/Mram_RAM64bit/SP
       LUTM my_Master/Xslaves[0].Yslaves[0].One_salve/Inst_mem_Slave/multi_bank[0].bank/Mram_RAM64bit/DP
   68. my_Master/Xslaves[0].Yslaves[0].One_salve/Instbus<1> (size: 2)
       LUTM my_Master/Xslaves[0].Yslaves[0].One_salve/Inst_mem_Slave/multi_bank[1].bank/Mram_RAM64bit/SP
       LUTM my_Master/Xslaves[0].Yslaves[0].One_salve/Inst_mem_Slave/multi_bank[1].bank/Mram_RAM64bit/DP
   69. my_Master/Xslaves[0].Yslaves[0].One_salve/Instbus<3> (size: 2)
       LUTM my_Master/Xslaves[0].Yslaves[0].One_salve/Inst_mem_Slave/multi_bank[3].bank/Mram_RAM64bit/SP
       LUTM my_Master/Xslaves[0].Yslaves[0].One_salve/Inst_mem_Slave/multi_bank[3].bank/Mram_RAM64bit/DP
   70. my_Master/Xslaves[0].Yslaves[0].One_salve/Instbus<4> (size: 2)
       LUTM my_Master/Xslaves[0].Yslaves[0].One_salve/Inst_mem_Slave/multi_bank[4].bank/Mram_RAM64bit/SP
       LUTM my_Master/Xslaves[0].Yslaves[0].One_salve/Inst_mem_Slave/multi_bank[4].bank/Mram_RAM64bit/DP
   71. my_Master/Xslaves[0].Yslaves[0].One_salve/Instbus<2> (size: 2)
       LUTM my_Master/Xslaves[0].Yslaves[0].One_salve/Inst_mem_Slave/multi_bank[2].bank/Mram_RAM64bit/SP
       LUTM my_Master/Xslaves[0].Yslaves[0].One_salve/Inst_mem_Slave/multi_bank[2].bank/Mram_RAM64bit/DP
   72. my_Master/Xslaves[0].Yslaves[0].One_salve/Instbus<5> (size: 2)
       LUTM my_Master/Xslaves[0].Yslaves[0].One_salve/Inst_mem_Slave/multi_bank[5].bank/Mram_RAM64bit/SP
       LUTM my_Master/Xslaves[0].Yslaves[0].One_salve/Inst_mem_Slave/multi_bank[5].bank/Mram_RAM64bit/DP
   73. my_Master/Xslaves[0].Yslaves[0].One_salve/Instbus<6> (size: 2)
       LUTM my_Master/Xslaves[0].Yslaves[0].One_salve/Inst_mem_Slave/multi_bank[6].bank/Mram_RAM64bit/SP
       LUTM my_Master/Xslaves[0].Yslaves[0].One_salve/Inst_mem_Slave/multi_bank[6].bank/Mram_RAM64bit/DP
   74. my_Master/Xslaves[0].Yslaves[0].One_salve/Instbus<9> (size: 2)
       LUTM my_Master/Xslaves[0].Yslaves[0].One_salve/Inst_mem_Slave/multi_bank[9].bank/Mram_RAM64bit/SP
       LUTM my_Master/Xslaves[0].Yslaves[0].One_salve/Inst_mem_Slave/multi_bank[9].bank/Mram_RAM64bit/DP
   75. my_Master/Xslaves[0].Yslaves[0].One_salve/Instbus<11> (size: 2)
       LUTM my_Master/Xslaves[0].Yslaves[0].One_salve/Inst_mem_Slave/multi_bank[11].bank/Mram_RAM64bit/SP
       LUTM my_Master/Xslaves[0].Yslaves[0].One_salve/Inst_mem_Slave/multi_bank[11].bank/Mram_RAM64bit/DP
   76. my_Master/Xslaves[0].Yslaves[0].One_salve/Instbus<15> (size: 2)
       LUTM my_Master/Xslaves[0].Yslaves[0].One_salve/Inst_mem_Slave/multi_bank[15].bank/Mram_RAM64bit/SP
       LUTM my_Master/Xslaves[0].Yslaves[0].One_salve/Inst_mem_Slave/multi_bank[15].bank/Mram_RAM64bit/DP
   77. my_Master/Xslaves[0].Yslaves[0].One_salve/Instbus<17> (size: 2)
       LUTM my_Master/Xslaves[0].Yslaves[0].One_salve/Inst_mem_Slave/multi_bank[17].bank/Mram_RAM64bit/SP
       LUTM my_Master/Xslaves[0].Yslaves[0].One_salve/Inst_mem_Slave/multi_bank[17].bank/Mram_RAM64bit/DP
   78. my_Master/Xslaves[0].Yslaves[0].One_salve/Instbus<16> (size: 2)
       LUTM my_Master/Xslaves[0].Yslaves[0].One_salve/Inst_mem_Slave/multi_bank[16].bank/Mram_RAM64bit/SP
       LUTM my_Master/Xslaves[0].Yslaves[0].One_salve/Inst_mem_Slave/multi_bank[16].bank/Mram_RAM64bit/DP
   79. my_Master/Xslaves[0].Yslaves[0].One_salve/Instbus<20> (size: 2)
       LUTM my_Master/Xslaves[0].Yslaves[0].One_salve/Inst_mem_Slave/multi_bank[20].bank/Mram_RAM64bit/SP
       LUTM my_Master/Xslaves[0].Yslaves[0].One_salve/Inst_mem_Slave/multi_bank[20].bank/Mram_RAM64bit/DP
   80. my_Master/Xslaves[0].Yslaves[0].One_salve/Instbus<21> (size: 2)
       LUTM my_Master/Xslaves[0].Yslaves[0].One_salve/Inst_mem_Slave/multi_bank[21].bank/Mram_RAM64bit/SP
       LUTM my_Master/Xslaves[0].Yslaves[0].One_salve/Inst_mem_Slave/multi_bank[21].bank/Mram_RAM64bit/DP
   81. my_Master/Xslaves[0].Yslaves[0].One_salve/Instbus<22> (size: 2)
       LUTM my_Master/Xslaves[0].Yslaves[0].One_salve/Inst_mem_Slave/multi_bank[22].bank/Mram_RAM64bit/SP
       LUTM my_Master/Xslaves[0].Yslaves[0].One_salve/Inst_mem_Slave/multi_bank[22].bank/Mram_RAM64bit/DP
   82. my_Master/Xslaves[0].Yslaves[0].One_salve/Instbus<23> (size: 2)
       LUTM my_Master/Xslaves[0].Yslaves[0].One_salve/Inst_mem_Slave/multi_bank[23].bank/Mram_RAM64bit/SP
       LUTM my_Master/Xslaves[0].Yslaves[0].One_salve/Inst_mem_Slave/multi_bank[23].bank/Mram_RAM64bit/DP
   83. my_Master/Xslaves[0].Yslaves[0].One_salve/Instbus<24> (size: 2)
       LUTM my_Master/Xslaves[0].Yslaves[0].One_salve/Inst_mem_Slave/multi_bank[24].bank/Mram_RAM64bit/SP
       LUTM my_Master/Xslaves[0].Yslaves[0].One_salve/Inst_mem_Slave/multi_bank[24].bank/Mram_RAM64bit/DP
   84. my_Master/Xslaves[0].Yslaves[0].One_salve/Instbus<26> (size: 2)
       LUTM my_Master/Xslaves[0].Yslaves[0].One_salve/Inst_mem_Slave/multi_bank[26].bank/Mram_RAM64bit/SP
       LUTM my_Master/Xslaves[0].Yslaves[0].One_salve/Inst_mem_Slave/multi_bank[26].bank/Mram_RAM64bit/DP
   85. my_Master/Xslaves[0].Yslaves[0].One_salve/Instbus<27> (size: 2)
       LUTM my_Master/Xslaves[0].Yslaves[0].One_salve/Inst_mem_Slave/multi_bank[27].bank/Mram_RAM64bit/SP
       LUTM my_Master/Xslaves[0].Yslaves[0].One_salve/Inst_mem_Slave/multi_bank[27].bank/Mram_RAM64bit/DP
   86. my_Master/Xslaves[0].Yslaves[0].One_salve/Instbus<25> (size: 2)
       LUTM my_Master/Xslaves[0].Yslaves[0].One_salve/Inst_mem_Slave/multi_bank[25].bank/Mram_RAM64bit/SP
       LUTM my_Master/Xslaves[0].Yslaves[0].One_salve/Inst_mem_Slave/multi_bank[25].bank/Mram_RAM64bit/DP
   87. my_Master/Xslaves[0].Yslaves[0].One_salve/Instbus<29> (size: 2)
       LUTM my_Master/Xslaves[0].Yslaves[0].One_salve/Inst_mem_Slave/multi_bank[29].bank/Mram_RAM64bit/SP
       LUTM my_Master/Xslaves[0].Yslaves[0].One_salve/Inst_mem_Slave/multi_bank[29].bank/Mram_RAM64bit/DP
   88. my_Master/Xslaves[0].Yslaves[0].One_salve/Instbus<30> (size: 2)
       LUTM my_Master/Xslaves[0].Yslaves[0].One_salve/Inst_mem_Slave/multi_bank[30].bank/Mram_RAM64bit/SP
       LUTM my_Master/Xslaves[0].Yslaves[0].One_salve/Inst_mem_Slave/multi_bank[30].bank/Mram_RAM64bit/DP
   89. my_Master/Xslaves[0].Yslaves[0].One_salve/Instbus<31> (size: 2)
       LUTM my_Master/Xslaves[0].Yslaves[0].One_salve/Inst_mem_Slave/multi_bank[31].bank/Mram_RAM64bit/SP
       LUTM my_Master/Xslaves[0].Yslaves[0].One_salve/Inst_mem_Slave/multi_bank[31].bank/Mram_RAM64bit/DP
   90. my_Master/Xslaves[0].Yslaves[0].One_salve/Instbus<39> (size: 2)
       LUTM my_Master/Xslaves[0].Yslaves[0].One_salve/Inst_mem_Slave/multi_bank[39].bank/Mram_RAM64bit/SP
       LUTM my_Master/Xslaves[0].Yslaves[0].One_salve/Inst_mem_Slave/multi_bank[39].bank/Mram_RAM64bit/DP
   91. my_Master/Xslaves[0].Yslaves[0].One_salve/Instbus<44> (size: 2)
       LUTM my_Master/Xslaves[0].Yslaves[0].One_salve/Inst_mem_Slave/multi_bank[44].bank/Mram_RAM64bit/SP
       LUTM my_Master/Xslaves[0].Yslaves[0].One_salve/Inst_mem_Slave/multi_bank[44].bank/Mram_RAM64bit/DP
   92. my_Master/Xslaves[0].Yslaves[0].One_salve/Instbus<48> (size: 2)
       LUTM my_Master/Xslaves[0].Yslaves[0].One_salve/Inst_mem_Slave/multi_bank[48].bank/Mram_RAM64bit/SP
       LUTM my_Master/Xslaves[0].Yslaves[0].One_salve/Inst_mem_Slave/multi_bank[48].bank/Mram_RAM64bit/DP
   93. my_Master/Xslaves[0].Yslaves[0].One_salve/Instbus<50> (size: 2)
       LUTM my_Master/Xslaves[0].Yslaves[0].One_salve/Inst_mem_Slave/multi_bank[50].bank/Mram_RAM64bit/SP
       LUTM my_Master/Xslaves[0].Yslaves[0].One_salve/Inst_mem_Slave/multi_bank[50].bank/Mram_RAM64bit/DP
   94. my_Master/Xslaves[0].Yslaves[0].One_salve/Instbus<56> (size: 2)
       LUTM my_Master/Xslaves[0].Yslaves[0].One_salve/Inst_mem_Slave/multi_bank[56].bank/Mram_RAM64bit/SP
       LUTM my_Master/Xslaves[0].Yslaves[0].One_salve/Inst_mem_Slave/multi_bank[56].bank/Mram_RAM64bit/DP
   95. my_Master/Xslaves[0].Yslaves[0].One_salve/Instbus<58> (size: 2)
       LUTM my_Master/Xslaves[0].Yslaves[0].One_salve/Inst_mem_Slave/multi_bank[58].bank/Mram_RAM64bit/SP
       LUTM my_Master/Xslaves[0].Yslaves[0].One_salve/Inst_mem_Slave/multi_bank[58].bank/Mram_RAM64bit/DP
   96. my_Master/Xslaves[0].Yslaves[0].One_salve/Instbus<63> (size: 2)
       LUTM my_Master/Xslaves[0].Yslaves[0].One_salve/Inst_mem_Slave/multi_bank[63].bank/Mram_RAM64bit/SP
       LUTM my_Master/Xslaves[0].Yslaves[0].One_salve/Inst_mem_Slave/multi_bank[63].bank/Mram_RAM64bit/DP
   97. my_Master/Xslaves[0].Yslaves[0].One_salve/Instbus<61> (size: 2)
       LUTM my_Master/Xslaves[0].Yslaves[0].One_salve/Inst_mem_Slave/multi_bank[61].bank/Mram_RAM64bit/SP
       LUTM my_Master/Xslaves[0].Yslaves[0].One_salve/Inst_mem_Slave/multi_bank[61].bank/Mram_RAM64bit/DP
ERROR:Place:120 - There were not enough sites to place all selected components.
   Some of these failures can be circumvented by using an alternate algorithm (though it may take longer run time). If
   you would like to enable this algorithm please set the environment variable XIL_PAR_ENABLE_LEGALIZER to 1 and try
   again 


ERROR:Pack:1654 - The timing-driven placement phase encountered an error.

Section 2 - Warnings
--------------------
WARNING:Security:42 - Your software subscription period has lapsed. Your current
version of Xilinx tools will continue to function, but you no longer qualify for
Xilinx software updates or new releases.

Section 3 - Informational
-------------------------
INFO:Security:54 - 'xc6slx16' is a WebPack part.
INFO:LIT:243 - Logical network PS2_Clk_IBUF has no load.
INFO:LIT:395 - The above info message is repeated 177 more times for the
   following (max. 5 shown):
   PS2_Data_IBUF,
   rx_GPS_IBUF,
   fix_gps_IBUF,
   pps_gps_IBUF,
   my_Master/Mdatastack.Inst_IPdataStack/Inst_datastack/Mram_RAM62/SPO
   To see the details of these info messages, please use the -detail switch.
INFO:MapLib:562 - No environment variables are currently set.
INFO:LIT:244 - All of the single ended outputs in this design are using slew
   rate limited output drivers. The delay on speed critical single ended outputs
   can be dramatically reduced by designating them as fast outputs.
INFO:Pack:1716 - Initializing temperature to 85.000 Celsius. (default - Range:
   0.000 to 85.000 Celsius)
INFO:Pack:1720 - Initializing voltage to 1.140 Volts. (default - Range: 1.140 to
   1.260 Volts)
INFO:Map:215 - The Interim Design Summary has been generated in the MAP Report
   (.mrp).

Section 4 - Removed Logic Summary
---------------------------------
 230 block(s) removed
  25 block(s) optimized away
 218 signal(s) removed

Section 5 - Removed Logic
-------------------------

The trimmed logic report below shows the logic removed from your design due to
sourceless or loadless signals, and VCC or ground connections.  If the removal
of a signal or symbol results in the subsequent removal of an additional signal
or symbol, the message explaining that second removal will be indented.  This
indentation will be repeated as a chain of related logic is removed.

To quickly locate the original cause for the removal of a chain of logic, look
above the place where that logic is listed in the trimming report, then locate
the lines that are least indented (begin at the leftmost edge).

Loadless block
"my_Master/Grid_2Dx[0].Grid_2Dy[0].acces_master.sreg_master/XLXI_17" (BUF)
removed.
Loadless block "my_Master/Grid_2Dx[1].Grid_2Dy[0].node_net.sreg/XLXI_8" (BUF)
removed.
The signal
"my_Master/Xslaves[0].Yslaves[0].One_salve/Sfunit.Inst_IPFunit/my_incdec/BU2/c_o
ut" is sourceless and has been removed.
The signal
"my_Master/Xslaves[1].Yslaves[0].One_salve/Sfunit.Inst_IPFunit/my_incdec/BU2/c_o
ut" is sourceless and has been removed.
The signal "my_Master/Mfunit.Inst_IPFunit/my_incdec/BU2/c_out" is sourceless and
has been removed.
The signal
"my_Master/Xslaves[0].Yslaves[0].One_salve/Sfunit.Inst_IPFunit/my_addsub/BU2/c_o
ut" is sourceless and has been removed.
The signal
"my_Master/Xslaves[1].Yslaves[0].One_salve/Sfunit.Inst_IPFunit/my_addsub/BU2/c_o
ut" is sourceless and has been removed.
The signal "my_Master/Mfunit.Inst_IPFunit/my_addsub/BU2/c_out" is sourceless and
has been removed.

The trimmed logic reported below is either:
   1. part of a cycle
   2. part of disabled logic
   3. a side-effect of other trimmed logic

The signal "my_Master/HCU_Master/Madd_PC_adr[31]_PC_adr[1]_add_25_OUT_lut<11>"
is unused and has been removed.
 Unused block "my_Master/HCU_Master/Madd_PC_adr[31]_PC_adr[1]_add_25_OUT_lut<11>"
(ROM) removed.
  The signal "my_Master/HCU_Master/PC_adr<11>" is unused and has been removed.
   Unused block "my_Master/HCU_Master/PC_adr_11" (SFF) removed.
    The signal "my_Master/HCU_Master/etat[1]_Startadres[31]_mux_119_OUT<11>" is
unused and has been removed.
     Unused block "my_Master/HCU_Master/Mmux_PWR_27_o_PC_adr[1]_mux_82_OUT164" (ROM)
removed.
      The signal "my_Master/HCU_Master/PC_adr[31]_GND_114_o_add_96_OUT<11>" is unused
and has been removed.
       Unused block "my_Master/HCU_Master/Madd_PC_adr[31]_GND_114_o_add_96_OUT_xor<11>"
(XOR) removed.
        The signal "my_Master/HCU_Master/Madd_PC_adr[31]_GND_114_o_add_96_OUT_cy<10>" is
unused and has been removed.
         Unused block "my_Master/HCU_Master/Madd_PC_adr[31]_GND_114_o_add_96_OUT_cy<10>"
(MUX) removed.
          The signal "my_Master/HCU_Master/Madd_PC_adr[31]_GND_114_o_add_96_OUT_cy<9>" is
unused and has been removed.
           Unused block "my_Master/HCU_Master/Madd_PC_adr[31]_GND_114_o_add_96_OUT_cy<9>"
(MUX) removed.
            The signal "my_Master/HCU_Master/Madd_PC_adr[31]_GND_114_o_add_96_OUT_cy<8>" is
unused and has been removed.
             Unused block "my_Master/HCU_Master/Madd_PC_adr[31]_GND_114_o_add_96_OUT_cy<8>"
(MUX) removed.
              The signal "my_Master/HCU_Master/Madd_PC_adr[31]_GND_114_o_add_96_OUT_cy<7>" is
unused and has been removed.
               Unused block "my_Master/HCU_Master/Madd_PC_adr[31]_GND_114_o_add_96_OUT_cy<7>"
(MUX) removed.
      The signal "my_Master/HCU_Master/Mmux_PWR_27_o_PC_adr[1]_mux_82_OUT163" is
unused and has been removed.
       Unused block "my_Master/HCU_Master/Mmux_PWR_27_o_PC_adr[1]_mux_82_OUT163" (ROM)
removed.
        The signal "my_Master/HCU_Master/retbus<11>" is unused and has been removed.
        The signal "my_Master/HCU_Master/PC_adr[31]_GND_114_o_add_49_OUT<11>" is unused
and has been removed.
         Unused block "my_Master/HCU_Master/Madd_PC_adr[31]_GND_114_o_add_49_OUT_xor<11>"
(XOR) removed.
          The signal "my_Master/HCU_Master/Madd_PC_adr[31]_GND_114_o_add_49_OUT_cy<10>" is
unused and has been removed.
           Unused block "my_Master/HCU_Master/Madd_PC_adr[31]_GND_114_o_add_49_OUT_cy<10>"
(MUX) removed.
            The signal "my_Master/HCU_Master/Madd_PC_adr[31]_GND_114_o_add_49_OUT_cy<9>" is
unused and has been removed.
             Unused block "my_Master/HCU_Master/Madd_PC_adr[31]_GND_114_o_add_49_OUT_cy<9>"
(MUX) removed.
              The signal "my_Master/HCU_Master/Madd_PC_adr[31]_GND_114_o_add_49_OUT_cy<8>" is
unused and has been removed.
               Unused block "my_Master/HCU_Master/Madd_PC_adr[31]_GND_114_o_add_49_OUT_cy<8>"
(MUX) removed.
                The signal "my_Master/HCU_Master/Madd_PC_adr[31]_GND_114_o_add_49_OUT_cy<7>" is
unused and has been removed.
                 Unused block "my_Master/HCU_Master/Madd_PC_adr[31]_GND_114_o_add_49_OUT_cy<7>"
(MUX) removed.
      The signal "my_Master/HCU_Master/Mmux_PWR_27_o_PC_adr[1]_mux_82_OUT161" is
unused and has been removed.
       Unused block "my_Master/HCU_Master/Mmux_PWR_27_o_PC_adr[1]_mux_82_OUT162" (ROM)
removed.
        The signal "my_Master/HCU_Master/Mmux_PWR_27_o_PC_adr[1]_mux_82_OUT16" is unused
and has been removed.
         Unused block "my_Master/HCU_Master/Mmux_PWR_27_o_PC_adr[1]_mux_82_OUT161" (ROM)
removed.
          The signal "my_Master/HCU_Master/PC_adr[31]_PC_adr[1]_add_25_OUT<11>" is unused
and has been removed.
           Unused block "my_Master/HCU_Master/Madd_PC_adr[31]_PC_adr[1]_add_25_OUT_xor<11>"
(XOR) removed.
            The signal "my_Master/HCU_Master/Madd_PC_adr[31]_PC_adr[1]_add_25_OUT_cy<10>" is
unused and has been removed.
             Unused block "my_Master/HCU_Master/Madd_PC_adr[31]_PC_adr[1]_add_25_OUT_cy<10>"
(MUX) removed.
              The signal "my_Master/HCU_Master/Madd_PC_adr[31]_PC_adr[1]_add_25_OUT_cy<9>" is
unused and has been removed.
               Unused block "my_Master/HCU_Master/Madd_PC_adr[31]_PC_adr[1]_add_25_OUT_cy<9>"
(MUX) removed.
                The signal "my_Master/HCU_Master/Madd_PC_adr[31]_PC_adr[1]_add_25_OUT_cy<8>" is
unused and has been removed.
                 Unused block "my_Master/HCU_Master/Madd_PC_adr[31]_PC_adr[1]_add_25_OUT_cy<8>"
(MUX) removed.
                  The signal "my_Master/HCU_Master/Madd_PC_adr[31]_PC_adr[1]_add_25_OUT_cy<7>" is
unused and has been removed.
                   Unused block "my_Master/HCU_Master/Madd_PC_adr[31]_PC_adr[1]_add_25_OUT_cy<7>"
(MUX) removed.
                  The signal "my_Master/HCU_Master/PC_adr<8>" is unused and has been removed.
                   Unused block "my_Master/HCU_Master/PC_adr_8" (SFF) removed.
                    The signal "my_Master/HCU_Master/etat[1]_Startadres[31]_mux_119_OUT<8>" is
unused and has been removed.
                     Unused block "my_Master/HCU_Master/Mmux_PWR_27_o_PC_adr[1]_mux_82_OUT1624" (ROM)
removed.
                      The signal "my_Master/HCU_Master/PC_adr[31]_GND_114_o_add_96_OUT<8>" is unused
and has been removed.
                       Unused block "my_Master/HCU_Master/Madd_PC_adr[31]_GND_114_o_add_96_OUT_xor<8>"
(XOR) removed.
                      The signal "my_Master/HCU_Master/Mmux_PWR_27_o_PC_adr[1]_mux_82_OUT1622" is
unused and has been removed.
                       Unused block "my_Master/HCU_Master/Mmux_PWR_27_o_PC_adr[1]_mux_82_OUT1623" (ROM)
removed.
                        The signal "my_Master/HCU_Master/retbus<8>" is unused and has been removed.
                        The signal "my_Master/HCU_Master/PC_adr[31]_GND_114_o_add_49_OUT<8>" is unused
and has been removed.
                         Unused block "my_Master/HCU_Master/Madd_PC_adr[31]_GND_114_o_add_49_OUT_xor<8>"
(XOR) removed.
                      The signal "my_Master/HCU_Master/Mmux_PWR_27_o_PC_adr[1]_mux_82_OUT1621" is
unused and has been removed.
                       Unused block "my_Master/HCU_Master/Mmux_PWR_27_o_PC_adr[1]_mux_82_OUT1622" (ROM)
removed.
                        The signal "my_Master/HCU_Master/Mmux_PWR_27_o_PC_adr[1]_mux_82_OUT162" is
unused and has been removed.
                         Unused block "my_Master/HCU_Master/Mmux_PWR_27_o_PC_adr[1]_mux_82_OUT1621" (ROM)
removed.
                          The signal "my_Master/HCU_Master/PC_adr[31]_PC_adr[1]_add_25_OUT<8>" is unused
and has been removed.
                           Unused block "my_Master/HCU_Master/Madd_PC_adr[31]_PC_adr[1]_add_25_OUT_xor<8>"
(XOR) removed.
                            The signal "my_Master/HCU_Master/Madd_PC_adr[31]_PC_adr[1]_add_25_OUT_lut<8>" is
unused and has been removed.
                             Unused block "my_Master/HCU_Master/Madd_PC_adr[31]_PC_adr[1]_add_25_OUT_lut<8>"
(ROM) removed.
                The signal "my_Master/HCU_Master/PC_adr<9>" is unused and has been removed.
                 Unused block "my_Master/HCU_Master/PC_adr_9" (SFF) removed.
                  The signal "my_Master/HCU_Master/etat[1]_Startadres[31]_mux_119_OUT<9>" is
unused and has been removed.
                   Unused block "my_Master/HCU_Master/Mmux_PWR_27_o_PC_adr[1]_mux_82_OUT1644" (ROM)
removed.
                    The signal "my_Master/HCU_Master/PC_adr[31]_GND_114_o_add_96_OUT<9>" is unused
and has been removed.
                     Unused block "my_Master/HCU_Master/Madd_PC_adr[31]_GND_114_o_add_96_OUT_xor<9>"
(XOR) removed.
                    The signal "my_Master/HCU_Master/Mmux_PWR_27_o_PC_adr[1]_mux_82_OUT1642" is
unused and has been removed.
                     Unused block "my_Master/HCU_Master/Mmux_PWR_27_o_PC_adr[1]_mux_82_OUT1643" (ROM)
removed.
                      The signal "my_Master/HCU_Master/retbus<9>" is unused and has been removed.
                      The signal "my_Master/HCU_Master/PC_adr[31]_GND_114_o_add_49_OUT<9>" is unused
and has been removed.
                       Unused block "my_Master/HCU_Master/Madd_PC_adr[31]_GND_114_o_add_49_OUT_xor<9>"
(XOR) removed.
                    The signal "my_Master/HCU_Master/Mmux_PWR_27_o_PC_adr[1]_mux_82_OUT1641" is
unused and has been removed.
                     Unused block "my_Master/HCU_Master/Mmux_PWR_27_o_PC_adr[1]_mux_82_OUT1642" (ROM)
removed.
                      The signal "my_Master/HCU_Master/Mmux_PWR_27_o_PC_adr[1]_mux_82_OUT164" is
unused and has been removed.
                       Unused block "my_Master/HCU_Master/Mmux_PWR_27_o_PC_adr[1]_mux_82_OUT1641" (ROM)
removed.
                        The signal "my_Master/HCU_Master/PC_adr[31]_PC_adr[1]_add_25_OUT<9>" is unused
and has been removed.
                         Unused block "my_Master/HCU_Master/Madd_PC_adr[31]_PC_adr[1]_add_25_OUT_xor<9>"
(XOR) removed.
                          The signal "my_Master/HCU_Master/Madd_PC_adr[31]_PC_adr[1]_add_25_OUT_lut<9>" is
unused and has been removed.
                           Unused block "my_Master/HCU_Master/Madd_PC_adr[31]_PC_adr[1]_add_25_OUT_lut<9>"
(ROM) removed.
              The signal "my_Master/HCU_Master/PC_adr<10>" is unused and has been removed.
               Unused block "my_Master/HCU_Master/PC_adr_10" (SFF) removed.
                The signal "my_Master/HCU_Master/etat[1]_Startadres[31]_mux_119_OUT<10>" is
unused and has been removed.
                 Unused block "my_Master/HCU_Master/Mmux_PWR_27_o_PC_adr[1]_mux_82_OUT144" (ROM)
removed.
                  The signal "my_Master/HCU_Master/PC_adr[31]_GND_114_o_add_96_OUT<10>" is unused
and has been removed.
                   Unused block "my_Master/HCU_Master/Madd_PC_adr[31]_GND_114_o_add_96_OUT_xor<10>"
(XOR) removed.
                  The signal "my_Master/HCU_Master/Mmux_PWR_27_o_PC_adr[1]_mux_82_OUT142" is
unused and has been removed.
                   Unused block "my_Master/HCU_Master/Mmux_PWR_27_o_PC_adr[1]_mux_82_OUT143" (ROM)
removed.
                    The signal "my_Master/HCU_Master/retbus<10>" is unused and has been removed.
                    The signal "my_Master/HCU_Master/PC_adr[31]_GND_114_o_add_49_OUT<10>" is unused
and has been removed.
                     Unused block "my_Master/HCU_Master/Madd_PC_adr[31]_GND_114_o_add_49_OUT_xor<10>"
(XOR) removed.
                  The signal "my_Master/HCU_Master/Mmux_PWR_27_o_PC_adr[1]_mux_82_OUT141" is
unused and has been removed.
                   Unused block "my_Master/HCU_Master/Mmux_PWR_27_o_PC_adr[1]_mux_82_OUT142" (ROM)
removed.
                    The signal "my_Master/HCU_Master/Mmux_PWR_27_o_PC_adr[1]_mux_82_OUT14" is unused
and has been removed.
                     Unused block "my_Master/HCU_Master/Mmux_PWR_27_o_PC_adr[1]_mux_82_OUT141" (ROM)
removed.
                      The signal "my_Master/HCU_Master/PC_adr[31]_PC_adr[1]_add_25_OUT<10>" is unused
and has been removed.
                       Unused block "my_Master/HCU_Master/Madd_PC_adr[31]_PC_adr[1]_add_25_OUT_xor<10>"
(XOR) removed.
                        The signal "my_Master/HCU_Master/Madd_PC_adr[31]_PC_adr[1]_add_25_OUT_lut<10>"
is unused and has been removed.
                         Unused block "my_Master/HCU_Master/Madd_PC_adr[31]_PC_adr[1]_add_25_OUT_lut<10>"
(ROM) removed.
The signal "my_Master/HCU_Master/Madd_PC_adr[31]_GND_114_o_add_20_OUT_cy<10>" is
unused and has been removed.
 Unused block "my_Master/HCU_Master/Madd_PC_adr[31]_GND_114_o_add_20_OUT_cy<10>"
(MUX) removed.
  The signal "my_Master/HCU_Master/Madd_PC_adr[31]_GND_114_o_add_20_OUT_cy<9>" is
unused and has been removed.
   Unused block "my_Master/HCU_Master/Madd_PC_adr[31]_GND_114_o_add_20_OUT_cy<9>"
(MUX) removed.
    The signal "my_Master/HCU_Master/Madd_PC_adr[31]_GND_114_o_add_20_OUT_cy<8>" is
unused and has been removed.
     Unused block "my_Master/HCU_Master/Madd_PC_adr[31]_GND_114_o_add_20_OUT_cy<8>"
(MUX) removed.
      The signal "my_Master/HCU_Master/Madd_PC_adr[31]_GND_114_o_add_20_OUT_cy<7>" is
unused and has been removed.
       Unused block "my_Master/HCU_Master/Madd_PC_adr[31]_GND_114_o_add_20_OUT_cy<7>"
(MUX) removed.
The signal "my_Master/HCU_Master/PC_ret<11>" is unused and has been removed.
 Unused block "my_Master/HCU_Master/PC_ret_11" (FF) removed.
  The signal "my_Master/HCU_Master/PC_adr[31]_PC_ret[31]_mux_84_OUT<11>" is unused
and has been removed.
   Unused block "my_Master/HCU_Master/Mmux_PC_adr[31]_PC_ret[31]_mux_84_OUT31"
(ROM) removed.
    The signal "my_Master/HCU_Master/PC_adr[31]_GND_114_o_add_20_OUT<11>" is unused
and has been removed.
     Unused block "my_Master/HCU_Master/Madd_PC_adr[31]_GND_114_o_add_20_OUT_xor<11>"
(XOR) removed.
The signal "my_Master/HCU_Master/PC_ret<10>" is unused and has been removed.
 Unused block "my_Master/HCU_Master/PC_ret_10" (FF) removed.
  The signal "my_Master/HCU_Master/PC_adr[31]_PC_ret[31]_mux_84_OUT<10>" is unused
and has been removed.
   Unused block "my_Master/HCU_Master/Mmux_PC_adr[31]_PC_ret[31]_mux_84_OUT21"
(ROM) removed.
    The signal "my_Master/HCU_Master/PC_adr[31]_GND_114_o_add_20_OUT<10>" is unused
and has been removed.
     Unused block "my_Master/HCU_Master/Madd_PC_adr[31]_GND_114_o_add_20_OUT_xor<10>"
(XOR) removed.
The signal "my_Master/HCU_Master/PC_ret<9>" is unused and has been removed.
 Unused block "my_Master/HCU_Master/PC_ret_9" (FF) removed.
  The signal "my_Master/HCU_Master/PC_adr[31]_PC_ret[31]_mux_84_OUT<9>" is unused
and has been removed.
   Unused block "my_Master/HCU_Master/Mmux_PC_adr[31]_PC_ret[31]_mux_84_OUT321"
(ROM) removed.
    The signal "my_Master/HCU_Master/PC_adr[31]_GND_114_o_add_20_OUT<9>" is unused
and has been removed.
     Unused block "my_Master/HCU_Master/Madd_PC_adr[31]_GND_114_o_add_20_OUT_xor<9>"
(XOR) removed.
The signal "my_Master/HCU_Master/PC_ret<8>" is unused and has been removed.
 Unused block "my_Master/HCU_Master/PC_ret_8" (FF) removed.
  The signal "my_Master/HCU_Master/PC_adr[31]_PC_ret[31]_mux_84_OUT<8>" is unused
and has been removed.
   Unused block "my_Master/HCU_Master/Mmux_PC_adr[31]_PC_ret[31]_mux_84_OUT311"
(ROM) removed.
    The signal "my_Master/HCU_Master/PC_adr[31]_GND_114_o_add_20_OUT<8>" is unused
and has been removed.
     Unused block "my_Master/HCU_Master/Madd_PC_adr[31]_GND_114_o_add_20_OUT_xor<8>"
(XOR) removed.
The signal "my_Master/HCU_Master/etat[1]_X_91_o_wide_mux_114_OUT<9>" is unused
and has been removed.
 Unused block "my_Master/HCU_Master/Mmux_etat[1]_X_91_o_Mux_113_o1371" (ROM)
removed.
The signal "my_Master/HCU_Master/etat[1]_X_91_o_wide_mux_114_OUT<8>" is unused
and has been removed.
 Unused block "my_Master/HCU_Master/Mmux_etat[1]_X_91_o_Mux_113_o1361" (ROM)
removed.
The signal "my_Master/HCU_Master/etat[1]_X_91_o_wide_mux_114_OUT<7>" is unused
and has been removed.
 Unused block "my_Master/HCU_Master/Mmux_etat[1]_X_91_o_Mux_113_o1351" (ROM)
removed.
The signal "my_Master/HCU_Master/etat[1]_X_91_o_wide_mux_114_OUT<6>" is unused
and has been removed.
 Unused block "my_Master/HCU_Master/Mmux_etat[1]_X_91_o_Mux_113_o1341" (ROM)
removed.
The signal "my_Master/HCU_Master/spmdcode<6>" is unused and has been removed.
 Unused block "my_Master/HCU_Master/spmdcode_6" (FF) removed.
The signal "my_Master/HCU_Master/spmdcode<7>" is unused and has been removed.
 Unused block "my_Master/HCU_Master/spmdcode_7" (FF) removed.
The signal "my_Master/HCU_Master/spmdcode<8>" is unused and has been removed.
 Unused block "my_Master/HCU_Master/spmdcode_8" (FF) removed.
The signal "my_Master/HCU_Master/spmdcode<9>" is unused and has been removed.
 Unused block "my_Master/HCU_Master/spmdcode_9" (FF) removed.
The signal
"my_Master/Xslaves[1].Yslaves[0].One_salve/HCU_Slave/Madd_PC_adr[31]_PC_adr[1]_a
dd_25_OUT_lut<11>" is unused and has been removed.
 Unused block
"my_Master/Xslaves[1].Yslaves[0].One_salve/HCU_Slave/Madd_PC_adr[31]_PC_adr[1]_a
dd_25_OUT_lut<11>" (ROM) removed.
  The signal "my_Master/Xslaves[1].Yslaves[0].One_salve/HCU_Slave/PC_adr<11>" is
unused and has been removed.
   Unused block "my_Master/Xslaves[1].Yslaves[0].One_salve/HCU_Slave/PC_adr_11"
(SFF) removed.
    The signal
"my_Master/Xslaves[1].Yslaves[0].One_salve/HCU_Slave/etat[1]_Startadres[31]_mux_
119_OUT<11>" is unused and has been removed.
     Unused block
"my_Master/Xslaves[1].Yslaves[0].One_salve/HCU_Slave/Mmux_etat[1]_Startadres[31]
_mux_119_OUT65" (ROM) removed.
      The signal
"my_Master/Xslaves[1].Yslaves[0].One_salve/HCU_Slave/Mmux_etat[1]_Startadres[31]
_mux_119_OUT61" is unused and has been removed.
       Unused block
"my_Master/Xslaves[1].Yslaves[0].One_salve/HCU_Slave/Mmux_etat[1]_Startadres[31]
_mux_119_OUT62" (ROM) removed.
        The signal
"my_Master/Xslaves[1].Yslaves[0].One_salve/HCU_Slave/PC_adr[31]_GND_114_o_add_96
_OUT<11>" is unused and has been removed.
         Unused block
"my_Master/Xslaves[1].Yslaves[0].One_salve/HCU_Slave/Madd_PC_adr[31]_GND_114_o_a
dd_96_OUT_xor<11>" (XOR) removed.
          The signal
"my_Master/Xslaves[1].Yslaves[0].One_salve/HCU_Slave/Madd_PC_adr[31]_GND_114_o_a
dd_96_OUT_cy<10>" is unused and has been removed.
           Unused block
"my_Master/Xslaves[1].Yslaves[0].One_salve/HCU_Slave/Madd_PC_adr[31]_GND_114_o_a
dd_96_OUT_cy<10>" (MUX) removed.
            The signal
"my_Master/Xslaves[1].Yslaves[0].One_salve/HCU_Slave/Madd_PC_adr[31]_GND_114_o_a
dd_96_OUT_cy<9>" is unused and has been removed.
             Unused block
"my_Master/Xslaves[1].Yslaves[0].One_salve/HCU_Slave/Madd_PC_adr[31]_GND_114_o_a
dd_96_OUT_cy<9>" (MUX) removed.
              The signal
"my_Master/Xslaves[1].Yslaves[0].One_salve/HCU_Slave/Madd_PC_adr[31]_GND_114_o_a
dd_96_OUT_cy<8>" is unused and has been removed.
               Unused block
"my_Master/Xslaves[1].Yslaves[0].One_salve/HCU_Slave/Madd_PC_adr[31]_GND_114_o_a
dd_96_OUT_cy<8>" (MUX) removed.
                The signal
"my_Master/Xslaves[1].Yslaves[0].One_salve/HCU_Slave/Madd_PC_adr[31]_GND_114_o_a
dd_96_OUT_cy<7>" is unused and has been removed.
                 Unused block
"my_Master/Xslaves[1].Yslaves[0].One_salve/HCU_Slave/Madd_PC_adr[31]_GND_114_o_a
dd_96_OUT_cy<7>" (MUX) removed.
        The signal
"my_Master/Xslaves[1].Yslaves[0].One_salve/HCU_Slave/PC_adr[31]_GND_114_o_add_49
_OUT<11>" is unused and has been removed.
         Unused block
"my_Master/Xslaves[1].Yslaves[0].One_salve/HCU_Slave/Madd_PC_adr[31]_GND_114_o_a
dd_49_OUT_xor<11>" (XOR) removed.
          The signal
"my_Master/Xslaves[1].Yslaves[0].One_salve/HCU_Slave/Madd_PC_adr[31]_GND_114_o_a
dd_49_OUT_cy<10>" is unused and has been removed.
           Unused block
"my_Master/Xslaves[1].Yslaves[0].One_salve/HCU_Slave/Madd_PC_adr[31]_GND_114_o_a
dd_49_OUT_cy<10>" (MUX) removed.
            The signal
"my_Master/Xslaves[1].Yslaves[0].One_salve/HCU_Slave/Madd_PC_adr[31]_GND_114_o_a
dd_49_OUT_cy<9>" is unused and has been removed.
             Unused block
"my_Master/Xslaves[1].Yslaves[0].One_salve/HCU_Slave/Madd_PC_adr[31]_GND_114_o_a
dd_49_OUT_cy<9>" (MUX) removed.
              The signal
"my_Master/Xslaves[1].Yslaves[0].One_salve/HCU_Slave/Madd_PC_adr[31]_GND_114_o_a
dd_49_OUT_cy<8>" is unused and has been removed.
               Unused block
"my_Master/Xslaves[1].Yslaves[0].One_salve/HCU_Slave/Madd_PC_adr[31]_GND_114_o_a
dd_49_OUT_cy<8>" (MUX) removed.
                The signal
"my_Master/Xslaves[1].Yslaves[0].One_salve/HCU_Slave/Madd_PC_adr[31]_GND_114_o_a
dd_49_OUT_cy<7>" is unused and has been removed.
                 Unused block
"my_Master/Xslaves[1].Yslaves[0].One_salve/HCU_Slave/Madd_PC_adr[31]_GND_114_o_a
dd_49_OUT_cy<7>" (MUX) removed.
      The signal
"my_Master/Xslaves[1].Yslaves[0].One_salve/HCU_Slave/Mmux_etat[1]_Startadres[31]
_mux_119_OUT65" is unused and has been removed.
       Unused block
"my_Master/Xslaves[1].Yslaves[0].One_salve/HCU_Slave/Mmux_etat[1]_Startadres[31]
_mux_119_OUT64" (ROM) removed.
        The signal
"my_Master/Xslaves[1].Yslaves[0].One_salve/HCU_Slave/Mmux_etat[1]_Startadres[31]
_mux_119_OUT63" is unused and has been removed.
         Unused block
"my_Master/Xslaves[1].Yslaves[0].One_salve/HCU_Slave/Mmux_etat[1]_Startadres[31]
_mux_119_OUT63" (ROM) removed.
          The signal
"my_Master/Xslaves[1].Yslaves[0].One_salve/HCU_Slave/PC_adr[31]_PC_adr[1]_add_25
_OUT<11>" is unused and has been removed.
           Unused block
"my_Master/Xslaves[1].Yslaves[0].One_salve/HCU_Slave/Madd_PC_adr[31]_PC_adr[1]_a
dd_25_OUT_xor<11>" (XOR) removed.
            The signal
"my_Master/Xslaves[1].Yslaves[0].One_salve/HCU_Slave/Madd_PC_adr[31]_PC_adr[1]_a
dd_25_OUT_cy<10>" is unused and has been removed.
             Unused block
"my_Master/Xslaves[1].Yslaves[0].One_salve/HCU_Slave/Madd_PC_adr[31]_PC_adr[1]_a
dd_25_OUT_cy<10>" (MUX) removed.
              The signal
"my_Master/Xslaves[1].Yslaves[0].One_salve/HCU_Slave/Madd_PC_adr[31]_PC_adr[1]_a
dd_25_OUT_cy<9>" is unused and has been removed.
               Unused block
"my_Master/Xslaves[1].Yslaves[0].One_salve/HCU_Slave/Madd_PC_adr[31]_PC_adr[1]_a
dd_25_OUT_cy<9>" (MUX) removed.
                The signal
"my_Master/Xslaves[1].Yslaves[0].One_salve/HCU_Slave/Madd_PC_adr[31]_PC_adr[1]_a
dd_25_OUT_cy<8>" is unused and has been removed.
                 Unused block
"my_Master/Xslaves[1].Yslaves[0].One_salve/HCU_Slave/Madd_PC_adr[31]_PC_adr[1]_a
dd_25_OUT_cy<8>" (MUX) removed.
                  The signal
"my_Master/Xslaves[1].Yslaves[0].One_salve/HCU_Slave/Madd_PC_adr[31]_PC_adr[1]_a
dd_25_OUT_cy<7>" is unused and has been removed.
                   Unused block
"my_Master/Xslaves[1].Yslaves[0].One_salve/HCU_Slave/Madd_PC_adr[31]_PC_adr[1]_a
dd_25_OUT_cy<7>" (MUX) removed.
                  The signal "my_Master/Xslaves[1].Yslaves[0].One_salve/HCU_Slave/PC_adr<8>" is
unused and has been removed.
                   Unused block "my_Master/Xslaves[1].Yslaves[0].One_salve/HCU_Slave/PC_adr_8"
(SFF) removed.
                    The signal
"my_Master/Xslaves[1].Yslaves[0].One_salve/HCU_Slave/etat[1]_Startadres[31]_mux_
119_OUT<8>" is unused and has been removed.
                     Unused block
"my_Master/Xslaves[1].Yslaves[0].One_salve/HCU_Slave/Mmux_etat[1]_Startadres[31]
_mux_119_OUT625" (ROM) removed.
                      The signal
"my_Master/Xslaves[1].Yslaves[0].One_salve/HCU_Slave/Mmux_etat[1]_Startadres[31]
_mux_119_OUT621" is unused and has been removed.
                       Unused block
"my_Master/Xslaves[1].Yslaves[0].One_salve/HCU_Slave/Mmux_etat[1]_Startadres[31]
_mux_119_OUT622" (ROM) removed.
                        The signal
"my_Master/Xslaves[1].Yslaves[0].One_salve/HCU_Slave/PC_adr[31]_GND_114_o_add_96
_OUT<8>" is unused and has been removed.
                         Unused block
"my_Master/Xslaves[1].Yslaves[0].One_salve/HCU_Slave/Madd_PC_adr[31]_GND_114_o_a
dd_96_OUT_xor<8>" (XOR) removed.
                        The signal
"my_Master/Xslaves[1].Yslaves[0].One_salve/HCU_Slave/PC_adr[31]_GND_114_o_add_49
_OUT<8>" is unused and has been removed.
                         Unused block
"my_Master/Xslaves[1].Yslaves[0].One_salve/HCU_Slave/Madd_PC_adr[31]_GND_114_o_a
dd_49_OUT_xor<8>" (XOR) removed.
                      The signal
"my_Master/Xslaves[1].Yslaves[0].One_salve/HCU_Slave/Mmux_etat[1]_Startadres[31]
_mux_119_OUT623" is unused and has been removed.
                       Unused block
"my_Master/Xslaves[1].Yslaves[0].One_salve/HCU_Slave/Mmux_etat[1]_Startadres[31]
_mux_119_OUT624" (ROM) removed.
                        The signal
"my_Master/Xslaves[1].Yslaves[0].One_salve/HCU_Slave/Mmux_etat[1]_Startadres[31]
_mux_119_OUT622" is unused and has been removed.
                         Unused block
"my_Master/Xslaves[1].Yslaves[0].One_salve/HCU_Slave/Mmux_etat[1]_Startadres[31]
_mux_119_OUT623" (ROM) removed.
                          The signal
"my_Master/Xslaves[1].Yslaves[0].One_salve/HCU_Slave/PC_adr[31]_PC_adr[1]_add_25
_OUT<8>" is unused and has been removed.
                           Unused block
"my_Master/Xslaves[1].Yslaves[0].One_salve/HCU_Slave/Madd_PC_adr[31]_PC_adr[1]_a
dd_25_OUT_xor<8>" (XOR) removed.
                            The signal
"my_Master/Xslaves[1].Yslaves[0].One_salve/HCU_Slave/Madd_PC_adr[31]_PC_adr[1]_a
dd_25_OUT_lut<8>" is unused and has been removed.
                             Unused block
"my_Master/Xslaves[1].Yslaves[0].One_salve/HCU_Slave/Madd_PC_adr[31]_PC_adr[1]_a
dd_25_OUT_lut<8>" (ROM) removed.
                          The signal "my_Master/Xslaves[1].Yslaves[0].One_salve/HCU_Slave/retbus<8>" is
unused and has been removed.
                      The signal
"my_Master/Xslaves[1].Yslaves[0].One_salve/HCU_Slave/Mmux_etat[1]_Startadres[31]
_mux_119_OUT62" is unused and has been removed.
                       Unused block
"my_Master/Xslaves[1].Yslaves[0].One_salve/HCU_Slave/Mmux_etat[1]_Startadres[31]
_mux_119_OUT621" (ROM) removed.
                The signal "my_Master/Xslaves[1].Yslaves[0].One_salve/HCU_Slave/PC_adr<9>" is
unused and has been removed.
                 Unused block "my_Master/Xslaves[1].Yslaves[0].One_salve/HCU_Slave/PC_adr_9"
(SFF) removed.
                  The signal
"my_Master/Xslaves[1].Yslaves[0].One_salve/HCU_Slave/etat[1]_Startadres[31]_mux_
119_OUT<9>" is unused and has been removed.
                   Unused block
"my_Master/Xslaves[1].Yslaves[0].One_salve/HCU_Slave/Mmux_etat[1]_Startadres[31]
_mux_119_OUT645" (ROM) removed.
                    The signal
"my_Master/Xslaves[1].Yslaves[0].One_salve/HCU_Slave/Mmux_etat[1]_Startadres[31]
_mux_119_OUT641" is unused and has been removed.
                     Unused block
"my_Master/Xslaves[1].Yslaves[0].One_salve/HCU_Slave/Mmux_etat[1]_Startadres[31]
_mux_119_OUT642" (ROM) removed.
                      The signal
"my_Master/Xslaves[1].Yslaves[0].One_salve/HCU_Slave/PC_adr[31]_GND_114_o_add_96
_OUT<9>" is unused and has been removed.
                       Unused block
"my_Master/Xslaves[1].Yslaves[0].One_salve/HCU_Slave/Madd_PC_adr[31]_GND_114_o_a
dd_96_OUT_xor<9>" (XOR) removed.
                      The signal
"my_Master/Xslaves[1].Yslaves[0].One_salve/HCU_Slave/PC_adr[31]_GND_114_o_add_49
_OUT<9>" is unused and has been removed.
                       Unused block
"my_Master/Xslaves[1].Yslaves[0].One_salve/HCU_Slave/Madd_PC_adr[31]_GND_114_o_a
dd_49_OUT_xor<9>" (XOR) removed.
                    The signal
"my_Master/Xslaves[1].Yslaves[0].One_salve/HCU_Slave/Mmux_etat[1]_Startadres[31]
_mux_119_OUT643" is unused and has been removed.
                     Unused block
"my_Master/Xslaves[1].Yslaves[0].One_salve/HCU_Slave/Mmux_etat[1]_Startadres[31]
_mux_119_OUT644" (ROM) removed.
                      The signal
"my_Master/Xslaves[1].Yslaves[0].One_salve/HCU_Slave/Mmux_etat[1]_Startadres[31]
_mux_119_OUT642" is unused and has been removed.
                       Unused block
"my_Master/Xslaves[1].Yslaves[0].One_salve/HCU_Slave/Mmux_etat[1]_Startadres[31]
_mux_119_OUT643" (ROM) removed.
                        The signal
"my_Master/Xslaves[1].Yslaves[0].One_salve/HCU_Slave/PC_adr[31]_PC_adr[1]_add_25
_OUT<9>" is unused and has been removed.
                         Unused block
"my_Master/Xslaves[1].Yslaves[0].One_salve/HCU_Slave/Madd_PC_adr[31]_PC_adr[1]_a
dd_25_OUT_xor<9>" (XOR) removed.
                          The signal
"my_Master/Xslaves[1].Yslaves[0].One_salve/HCU_Slave/Madd_PC_adr[31]_PC_adr[1]_a
dd_25_OUT_lut<9>" is unused and has been removed.
                           Unused block
"my_Master/Xslaves[1].Yslaves[0].One_salve/HCU_Slave/Madd_PC_adr[31]_PC_adr[1]_a
dd_25_OUT_lut<9>" (ROM) removed.
                        The signal "my_Master/Xslaves[1].Yslaves[0].One_salve/HCU_Slave/retbus<9>" is
unused and has been removed.
                    The signal
"my_Master/Xslaves[1].Yslaves[0].One_salve/HCU_Slave/Mmux_etat[1]_Startadres[31]
_mux_119_OUT64" is unused and has been removed.
                     Unused block
"my_Master/Xslaves[1].Yslaves[0].One_salve/HCU_Slave/Mmux_etat[1]_Startadres[31]
_mux_119_OUT641" (ROM) removed.
              The signal "my_Master/Xslaves[1].Yslaves[0].One_salve/HCU_Slave/PC_adr<10>" is
unused and has been removed.
               Unused block "my_Master/Xslaves[1].Yslaves[0].One_salve/HCU_Slave/PC_adr_10"
(SFF) removed.
                The signal
"my_Master/Xslaves[1].Yslaves[0].One_salve/HCU_Slave/etat[1]_Startadres[31]_mux_
119_OUT<10>" is unused and has been removed.
                 Unused block
"my_Master/Xslaves[1].Yslaves[0].One_salve/HCU_Slave/Mmux_etat[1]_Startadres[31]
_mux_119_OUT45" (ROM) removed.
                  The signal
"my_Master/Xslaves[1].Yslaves[0].One_salve/HCU_Slave/Mmux_etat[1]_Startadres[31]
_mux_119_OUT41" is unused and has been removed.
                   Unused block
"my_Master/Xslaves[1].Yslaves[0].One_salve/HCU_Slave/Mmux_etat[1]_Startadres[31]
_mux_119_OUT42" (ROM) removed.
                    The signal
"my_Master/Xslaves[1].Yslaves[0].One_salve/HCU_Slave/PC_adr[31]_GND_114_o_add_96
_OUT<10>" is unused and has been removed.
                     Unused block
"my_Master/Xslaves[1].Yslaves[0].One_salve/HCU_Slave/Madd_PC_adr[31]_GND_114_o_a
dd_96_OUT_xor<10>" (XOR) removed.
                    The signal
"my_Master/Xslaves[1].Yslaves[0].One_salve/HCU_Slave/PC_adr[31]_GND_114_o_add_49
_OUT<10>" is unused and has been removed.
                     Unused block
"my_Master/Xslaves[1].Yslaves[0].One_salve/HCU_Slave/Madd_PC_adr[31]_GND_114_o_a
dd_49_OUT_xor<10>" (XOR) removed.
                  The signal
"my_Master/Xslaves[1].Yslaves[0].One_salve/HCU_Slave/Mmux_etat[1]_Startadres[31]
_mux_119_OUT43" is unused and has been removed.
                   Unused block
"my_Master/Xslaves[1].Yslaves[0].One_salve/HCU_Slave/Mmux_etat[1]_Startadres[31]
_mux_119_OUT44" (ROM) removed.
                    The signal
"my_Master/Xslaves[1].Yslaves[0].One_salve/HCU_Slave/Mmux_etat[1]_Startadres[31]
_mux_119_OUT42" is unused and has been removed.
                     Unused block
"my_Master/Xslaves[1].Yslaves[0].One_salve/HCU_Slave/Mmux_etat[1]_Startadres[31]
_mux_119_OUT43" (ROM) removed.
                      The signal
"my_Master/Xslaves[1].Yslaves[0].One_salve/HCU_Slave/PC_adr[31]_PC_adr[1]_add_25
_OUT<10>" is unused and has been removed.
                       Unused block
"my_Master/Xslaves[1].Yslaves[0].One_salve/HCU_Slave/Madd_PC_adr[31]_PC_adr[1]_a
dd_25_OUT_xor<10>" (XOR) removed.
                        The signal
"my_Master/Xslaves[1].Yslaves[0].One_salve/HCU_Slave/Madd_PC_adr[31]_PC_adr[1]_a
dd_25_OUT_lut<10>" is unused and has been removed.
                         Unused block
"my_Master/Xslaves[1].Yslaves[0].One_salve/HCU_Slave/Madd_PC_adr[31]_PC_adr[1]_a
dd_25_OUT_lut<10>" (ROM) removed.
                      The signal "my_Master/Xslaves[1].Yslaves[0].One_salve/HCU_Slave/retbus<10>" is
unused and has been removed.
                  The signal
"my_Master/Xslaves[1].Yslaves[0].One_salve/HCU_Slave/Mmux_etat[1]_Startadres[31]
_mux_119_OUT4" is unused and has been removed.
                   Unused block
"my_Master/Xslaves[1].Yslaves[0].One_salve/HCU_Slave/Mmux_etat[1]_Startadres[31]
_mux_119_OUT41" (ROM) removed.
          The signal "my_Master/Xslaves[1].Yslaves[0].One_salve/HCU_Slave/retbus<11>" is
unused and has been removed.
      The signal
"my_Master/Xslaves[1].Yslaves[0].One_salve/HCU_Slave/Mmux_etat[1]_Startadres[31]
_mux_119_OUT6" is unused and has been removed.
       Unused block
"my_Master/Xslaves[1].Yslaves[0].One_salve/HCU_Slave/Mmux_etat[1]_Startadres[31]
_mux_119_OUT61" (ROM) removed.
The signal
"my_Master/Xslaves[1].Yslaves[0].One_salve/HCU_Slave/Madd_PC_adr[31]_GND_114_o_a
dd_20_OUT_cy<10>" is unused and has been removed.
 Unused block
"my_Master/Xslaves[1].Yslaves[0].One_salve/HCU_Slave/Madd_PC_adr[31]_GND_114_o_a
dd_20_OUT_cy<10>" (MUX) removed.
  The signal
"my_Master/Xslaves[1].Yslaves[0].One_salve/HCU_Slave/Madd_PC_adr[31]_GND_114_o_a
dd_20_OUT_cy<9>" is unused and has been removed.
   Unused block
"my_Master/Xslaves[1].Yslaves[0].One_salve/HCU_Slave/Madd_PC_adr[31]_GND_114_o_a
dd_20_OUT_cy<9>" (MUX) removed.
    The signal
"my_Master/Xslaves[1].Yslaves[0].One_salve/HCU_Slave/Madd_PC_adr[31]_GND_114_o_a
dd_20_OUT_cy<8>" is unused and has been removed.
     Unused block
"my_Master/Xslaves[1].Yslaves[0].One_salve/HCU_Slave/Madd_PC_adr[31]_GND_114_o_a
dd_20_OUT_cy<8>" (MUX) removed.
      The signal
"my_Master/Xslaves[1].Yslaves[0].One_salve/HCU_Slave/Madd_PC_adr[31]_GND_114_o_a
dd_20_OUT_cy<7>" is unused and has been removed.
       Unused block
"my_Master/Xslaves[1].Yslaves[0].One_salve/HCU_Slave/Madd_PC_adr[31]_GND_114_o_a
dd_20_OUT_cy<7>" (MUX) removed.
The signal "my_Master/Xslaves[1].Yslaves[0].One_salve/HCU_Slave/PC_ret<11>" is
unused and has been removed.
 Unused block "my_Master/Xslaves[1].Yslaves[0].One_salve/HCU_Slave/PC_ret_11"
(FF) removed.
  The signal
"my_Master/Xslaves[1].Yslaves[0].One_salve/HCU_Slave/PC_adr[31]_GND_114_o_add_20
_OUT<11>" is unused and has been removed.
   Unused block
"my_Master/Xslaves[1].Yslaves[0].One_salve/HCU_Slave/Madd_PC_adr[31]_GND_114_o_a
dd_20_OUT_xor<11>" (XOR) removed.
The signal "my_Master/Xslaves[1].Yslaves[0].One_salve/HCU_Slave/PC_ret<10>" is
unused and has been removed.
 Unused block "my_Master/Xslaves[1].Yslaves[0].One_salve/HCU_Slave/PC_ret_10"
(FF) removed.
  The signal
"my_Master/Xslaves[1].Yslaves[0].One_salve/HCU_Slave/PC_adr[31]_GND_114_o_add_20
_OUT<10>" is unused and has been removed.
   Unused block
"my_Master/Xslaves[1].Yslaves[0].One_salve/HCU_Slave/Madd_PC_adr[31]_GND_114_o_a
dd_20_OUT_xor<10>" (XOR) removed.
The signal "my_Master/Xslaves[1].Yslaves[0].One_salve/HCU_Slave/PC_ret<9>" is
unused and has been removed.
 Unused block "my_Master/Xslaves[1].Yslaves[0].One_salve/HCU_Slave/PC_ret_9" (FF)
removed.
  The signal
"my_Master/Xslaves[1].Yslaves[0].One_salve/HCU_Slave/PC_adr[31]_GND_114_o_add_20
_OUT<9>" is unused and has been removed.
   Unused block
"my_Master/Xslaves[1].Yslaves[0].One_salve/HCU_Slave/Madd_PC_adr[31]_GND_114_o_a
dd_20_OUT_xor<9>" (XOR) removed.
The signal "my_Master/Xslaves[1].Yslaves[0].One_salve/HCU_Slave/PC_ret<8>" is
unused and has been removed.
 Unused block "my_Master/Xslaves[1].Yslaves[0].One_salve/HCU_Slave/PC_ret_8" (FF)
removed.
  The signal
"my_Master/Xslaves[1].Yslaves[0].One_salve/HCU_Slave/PC_adr[31]_GND_114_o_add_20
_OUT<8>" is unused and has been removed.
   Unused block
"my_Master/Xslaves[1].Yslaves[0].One_salve/HCU_Slave/Madd_PC_adr[31]_GND_114_o_a
dd_20_OUT_xor<8>" (XOR) removed.
The signal
"my_Master/Xslaves[0].Yslaves[0].One_salve/HCU_Slave/Madd_PC_adr[31]_PC_adr[1]_a
dd_25_OUT_lut<11>" is unused and has been removed.
 Unused block
"my_Master/Xslaves[0].Yslaves[0].One_salve/HCU_Slave/Madd_PC_adr[31]_PC_adr[1]_a
dd_25_OUT_lut<11>" (ROM) removed.
  The signal "my_Master/Xslaves[0].Yslaves[0].One_salve/HCU_Slave/PC_adr<11>" is
unused and has been removed.
   Unused block "my_Master/Xslaves[0].Yslaves[0].One_salve/HCU_Slave/PC_adr_11"
(SFF) removed.
    The signal
"my_Master/Xslaves[0].Yslaves[0].One_salve/HCU_Slave/etat[1]_Startadres[31]_mux_
119_OUT<11>" is unused and has been removed.
     Unused block
"my_Master/Xslaves[0].Yslaves[0].One_salve/HCU_Slave/Mmux_etat[1]_Startadres[31]
_mux_119_OUT65" (ROM) removed.
      The signal
"my_Master/Xslaves[0].Yslaves[0].One_salve/HCU_Slave/Mmux_etat[1]_Startadres[31]
_mux_119_OUT61" is unused and has been removed.
       Unused block
"my_Master/Xslaves[0].Yslaves[0].One_salve/HCU_Slave/Mmux_etat[1]_Startadres[31]
_mux_119_OUT62" (ROM) removed.
        The signal
"my_Master/Xslaves[0].Yslaves[0].One_salve/HCU_Slave/PC_adr[31]_GND_114_o_add_96
_OUT<11>" is unused and has been removed.
         Unused block
"my_Master/Xslaves[0].Yslaves[0].One_salve/HCU_Slave/Madd_PC_adr[31]_GND_114_o_a
dd_96_OUT_xor<11>" (XOR) removed.
          The signal
"my_Master/Xslaves[0].Yslaves[0].One_salve/HCU_Slave/Madd_PC_adr[31]_GND_114_o_a
dd_96_OUT_cy<10>" is unused and has been removed.
           Unused block
"my_Master/Xslaves[0].Yslaves[0].One_salve/HCU_Slave/Madd_PC_adr[31]_GND_114_o_a
dd_96_OUT_cy<10>" (MUX) removed.
            The signal
"my_Master/Xslaves[0].Yslaves[0].One_salve/HCU_Slave/Madd_PC_adr[31]_GND_114_o_a
dd_96_OUT_cy<9>" is unused and has been removed.
             Unused block
"my_Master/Xslaves[0].Yslaves[0].One_salve/HCU_Slave/Madd_PC_adr[31]_GND_114_o_a
dd_96_OUT_cy<9>" (MUX) removed.
              The signal
"my_Master/Xslaves[0].Yslaves[0].One_salve/HCU_Slave/Madd_PC_adr[31]_GND_114_o_a
dd_96_OUT_cy<8>" is unused and has been removed.
               Unused block
"my_Master/Xslaves[0].Yslaves[0].One_salve/HCU_Slave/Madd_PC_adr[31]_GND_114_o_a
dd_96_OUT_cy<8>" (MUX) removed.
                The signal
"my_Master/Xslaves[0].Yslaves[0].One_salve/HCU_Slave/Madd_PC_adr[31]_GND_114_o_a
dd_96_OUT_cy<7>" is unused and has been removed.
                 Unused block
"my_Master/Xslaves[0].Yslaves[0].One_salve/HCU_Slave/Madd_PC_adr[31]_GND_114_o_a
dd_96_OUT_cy<7>" (MUX) removed.
        The signal
"my_Master/Xslaves[0].Yslaves[0].One_salve/HCU_Slave/PC_adr[31]_GND_114_o_add_49
_OUT<11>" is unused and has been removed.
         Unused block
"my_Master/Xslaves[0].Yslaves[0].One_salve/HCU_Slave/Madd_PC_adr[31]_GND_114_o_a
dd_49_OUT_xor<11>" (XOR) removed.
          The signal
"my_Master/Xslaves[0].Yslaves[0].One_salve/HCU_Slave/Madd_PC_adr[31]_GND_114_o_a
dd_49_OUT_cy<10>" is unused and has been removed.
           Unused block
"my_Master/Xslaves[0].Yslaves[0].One_salve/HCU_Slave/Madd_PC_adr[31]_GND_114_o_a
dd_49_OUT_cy<10>" (MUX) removed.
            The signal
"my_Master/Xslaves[0].Yslaves[0].One_salve/HCU_Slave/Madd_PC_adr[31]_GND_114_o_a
dd_49_OUT_cy<9>" is unused and has been removed.
             Unused block
"my_Master/Xslaves[0].Yslaves[0].One_salve/HCU_Slave/Madd_PC_adr[31]_GND_114_o_a
dd_49_OUT_cy<9>" (MUX) removed.
              The signal
"my_Master/Xslaves[0].Yslaves[0].One_salve/HCU_Slave/Madd_PC_adr[31]_GND_114_o_a
dd_49_OUT_cy<8>" is unused and has been removed.
               Unused block
"my_Master/Xslaves[0].Yslaves[0].One_salve/HCU_Slave/Madd_PC_adr[31]_GND_114_o_a
dd_49_OUT_cy<8>" (MUX) removed.
                The signal
"my_Master/Xslaves[0].Yslaves[0].One_salve/HCU_Slave/Madd_PC_adr[31]_GND_114_o_a
dd_49_OUT_cy<7>" is unused and has been removed.
                 Unused block
"my_Master/Xslaves[0].Yslaves[0].One_salve/HCU_Slave/Madd_PC_adr[31]_GND_114_o_a
dd_49_OUT_cy<7>" (MUX) removed.
      The signal
"my_Master/Xslaves[0].Yslaves[0].One_salve/HCU_Slave/Mmux_etat[1]_Startadres[31]
_mux_119_OUT65" is unused and has been removed.
       Unused block
"my_Master/Xslaves[0].Yslaves[0].One_salve/HCU_Slave/Mmux_etat[1]_Startadres[31]
_mux_119_OUT64" (ROM) removed.
        The signal
"my_Master/Xslaves[0].Yslaves[0].One_salve/HCU_Slave/Mmux_etat[1]_Startadres[31]
_mux_119_OUT63" is unused and has been removed.
         Unused block
"my_Master/Xslaves[0].Yslaves[0].One_salve/HCU_Slave/Mmux_etat[1]_Startadres[31]
_mux_119_OUT63" (ROM) removed.
          The signal
"my_Master/Xslaves[0].Yslaves[0].One_salve/HCU_Slave/PC_adr[31]_PC_adr[1]_add_25
_OUT<11>" is unused and has been removed.
           Unused block
"my_Master/Xslaves[0].Yslaves[0].One_salve/HCU_Slave/Madd_PC_adr[31]_PC_adr[1]_a
dd_25_OUT_xor<11>" (XOR) removed.
            The signal
"my_Master/Xslaves[0].Yslaves[0].One_salve/HCU_Slave/Madd_PC_adr[31]_PC_adr[1]_a
dd_25_OUT_cy<10>" is unused and has been removed.
             Unused block
"my_Master/Xslaves[0].Yslaves[0].One_salve/HCU_Slave/Madd_PC_adr[31]_PC_adr[1]_a
dd_25_OUT_cy<10>" (MUX) removed.
              The signal
"my_Master/Xslaves[0].Yslaves[0].One_salve/HCU_Slave/Madd_PC_adr[31]_PC_adr[1]_a
dd_25_OUT_cy<9>" is unused and has been removed.
               Unused block
"my_Master/Xslaves[0].Yslaves[0].One_salve/HCU_Slave/Madd_PC_adr[31]_PC_adr[1]_a
dd_25_OUT_cy<9>" (MUX) removed.
                The signal
"my_Master/Xslaves[0].Yslaves[0].One_salve/HCU_Slave/Madd_PC_adr[31]_PC_adr[1]_a
dd_25_OUT_cy<8>" is unused and has been removed.
                 Unused block
"my_Master/Xslaves[0].Yslaves[0].One_salve/HCU_Slave/Madd_PC_adr[31]_PC_adr[1]_a
dd_25_OUT_cy<8>" (MUX) removed.
                  The signal
"my_Master/Xslaves[0].Yslaves[0].One_salve/HCU_Slave/Madd_PC_adr[31]_PC_adr[1]_a
dd_25_OUT_cy<7>" is unused and has been removed.
                   Unused block
"my_Master/Xslaves[0].Yslaves[0].One_salve/HCU_Slave/Madd_PC_adr[31]_PC_adr[1]_a
dd_25_OUT_cy<7>" (MUX) removed.
                  The signal "my_Master/Xslaves[0].Yslaves[0].One_salve/HCU_Slave/PC_adr<8>" is
unused and has been removed.
                   Unused block "my_Master/Xslaves[0].Yslaves[0].One_salve/HCU_Slave/PC_adr_8"
(SFF) removed.
                    The signal
"my_Master/Xslaves[0].Yslaves[0].One_salve/HCU_Slave/etat[1]_Startadres[31]_mux_
119_OUT<8>" is unused and has been removed.
                     Unused block
"my_Master/Xslaves[0].Yslaves[0].One_salve/HCU_Slave/Mmux_etat[1]_Startadres[31]
_mux_119_OUT625" (ROM) removed.
                      The signal
"my_Master/Xslaves[0].Yslaves[0].One_salve/HCU_Slave/Mmux_etat[1]_Startadres[31]
_mux_119_OUT621" is unused and has been removed.
                       Unused block
"my_Master/Xslaves[0].Yslaves[0].One_salve/HCU_Slave/Mmux_etat[1]_Startadres[31]
_mux_119_OUT622" (ROM) removed.
                        The signal
"my_Master/Xslaves[0].Yslaves[0].One_salve/HCU_Slave/PC_adr[31]_GND_114_o_add_96
_OUT<8>" is unused and has been removed.
                         Unused block
"my_Master/Xslaves[0].Yslaves[0].One_salve/HCU_Slave/Madd_PC_adr[31]_GND_114_o_a
dd_96_OUT_xor<8>" (XOR) removed.
                        The signal
"my_Master/Xslaves[0].Yslaves[0].One_salve/HCU_Slave/PC_adr[31]_GND_114_o_add_49
_OUT<8>" is unused and has been removed.
                         Unused block
"my_Master/Xslaves[0].Yslaves[0].One_salve/HCU_Slave/Madd_PC_adr[31]_GND_114_o_a
dd_49_OUT_xor<8>" (XOR) removed.
                      The signal
"my_Master/Xslaves[0].Yslaves[0].One_salve/HCU_Slave/Mmux_etat[1]_Startadres[31]
_mux_119_OUT623" is unused and has been removed.
                       Unused block
"my_Master/Xslaves[0].Yslaves[0].One_salve/HCU_Slave/Mmux_etat[1]_Startadres[31]
_mux_119_OUT624" (ROM) removed.
                        The signal
"my_Master/Xslaves[0].Yslaves[0].One_salve/HCU_Slave/Mmux_etat[1]_Startadres[31]
_mux_119_OUT622" is unused and has been removed.
                         Unused block
"my_Master/Xslaves[0].Yslaves[0].One_salve/HCU_Slave/Mmux_etat[1]_Startadres[31]
_mux_119_OUT623" (ROM) removed.
                          The signal
"my_Master/Xslaves[0].Yslaves[0].One_salve/HCU_Slave/PC_adr[31]_PC_adr[1]_add_25
_OUT<8>" is unused and has been removed.
                           Unused block
"my_Master/Xslaves[0].Yslaves[0].One_salve/HCU_Slave/Madd_PC_adr[31]_PC_adr[1]_a
dd_25_OUT_xor<8>" (XOR) removed.
                            The signal
"my_Master/Xslaves[0].Yslaves[0].One_salve/HCU_Slave/Madd_PC_adr[31]_PC_adr[1]_a
dd_25_OUT_lut<8>" is unused and has been removed.
                             Unused block
"my_Master/Xslaves[0].Yslaves[0].One_salve/HCU_Slave/Madd_PC_adr[31]_PC_adr[1]_a
dd_25_OUT_lut<8>" (ROM) removed.
                          The signal "my_Master/Xslaves[0].Yslaves[0].One_salve/HCU_Slave/retbus<8>" is
unused and has been removed.
                      The signal
"my_Master/Xslaves[0].Yslaves[0].One_salve/HCU_Slave/Mmux_etat[1]_Startadres[31]
_mux_119_OUT62" is unused and has been removed.
                       Unused block
"my_Master/Xslaves[0].Yslaves[0].One_salve/HCU_Slave/Mmux_etat[1]_Startadres[31]
_mux_119_OUT621" (ROM) removed.
                The signal "my_Master/Xslaves[0].Yslaves[0].One_salve/HCU_Slave/PC_adr<9>" is
unused and has been removed.
                 Unused block "my_Master/Xslaves[0].Yslaves[0].One_salve/HCU_Slave/PC_adr_9"
(SFF) removed.
                  The signal
"my_Master/Xslaves[0].Yslaves[0].One_salve/HCU_Slave/etat[1]_Startadres[31]_mux_
119_OUT<9>" is unused and has been removed.
                   Unused block
"my_Master/Xslaves[0].Yslaves[0].One_salve/HCU_Slave/Mmux_etat[1]_Startadres[31]
_mux_119_OUT645" (ROM) removed.
                    The signal
"my_Master/Xslaves[0].Yslaves[0].One_salve/HCU_Slave/Mmux_etat[1]_Startadres[31]
_mux_119_OUT641" is unused and has been removed.
                     Unused block
"my_Master/Xslaves[0].Yslaves[0].One_salve/HCU_Slave/Mmux_etat[1]_Startadres[31]
_mux_119_OUT642" (ROM) removed.
                      The signal
"my_Master/Xslaves[0].Yslaves[0].One_salve/HCU_Slave/PC_adr[31]_GND_114_o_add_96
_OUT<9>" is unused and has been removed.
                       Unused block
"my_Master/Xslaves[0].Yslaves[0].One_salve/HCU_Slave/Madd_PC_adr[31]_GND_114_o_a
dd_96_OUT_xor<9>" (XOR) removed.
                      The signal
"my_Master/Xslaves[0].Yslaves[0].One_salve/HCU_Slave/PC_adr[31]_GND_114_o_add_49
_OUT<9>" is unused and has been removed.
                       Unused block
"my_Master/Xslaves[0].Yslaves[0].One_salve/HCU_Slave/Madd_PC_adr[31]_GND_114_o_a
dd_49_OUT_xor<9>" (XOR) removed.
                    The signal
"my_Master/Xslaves[0].Yslaves[0].One_salve/HCU_Slave/Mmux_etat[1]_Startadres[31]
_mux_119_OUT643" is unused and has been removed.
                     Unused block
"my_Master/Xslaves[0].Yslaves[0].One_salve/HCU_Slave/Mmux_etat[1]_Startadres[31]
_mux_119_OUT644" (ROM) removed.
                      The signal
"my_Master/Xslaves[0].Yslaves[0].One_salve/HCU_Slave/Mmux_etat[1]_Startadres[31]
_mux_119_OUT642" is unused and has been removed.
                       Unused block
"my_Master/Xslaves[0].Yslaves[0].One_salve/HCU_Slave/Mmux_etat[1]_Startadres[31]
_mux_119_OUT643" (ROM) removed.
                        The signal
"my_Master/Xslaves[0].Yslaves[0].One_salve/HCU_Slave/PC_adr[31]_PC_adr[1]_add_25
_OUT<9>" is unused and has been removed.
                         Unused block
"my_Master/Xslaves[0].Yslaves[0].One_salve/HCU_Slave/Madd_PC_adr[31]_PC_adr[1]_a
dd_25_OUT_xor<9>" (XOR) removed.
                          The signal
"my_Master/Xslaves[0].Yslaves[0].One_salve/HCU_Slave/Madd_PC_adr[31]_PC_adr[1]_a
dd_25_OUT_lut<9>" is unused and has been removed.
                           Unused block
"my_Master/Xslaves[0].Yslaves[0].One_salve/HCU_Slave/Madd_PC_adr[31]_PC_adr[1]_a
dd_25_OUT_lut<9>" (ROM) removed.
                        The signal "my_Master/Xslaves[0].Yslaves[0].One_salve/HCU_Slave/retbus<9>" is
unused and has been removed.
                    The signal
"my_Master/Xslaves[0].Yslaves[0].One_salve/HCU_Slave/Mmux_etat[1]_Startadres[31]
_mux_119_OUT64" is unused and has been removed.
                     Unused block
"my_Master/Xslaves[0].Yslaves[0].One_salve/HCU_Slave/Mmux_etat[1]_Startadres[31]
_mux_119_OUT641" (ROM) removed.
              The signal "my_Master/Xslaves[0].Yslaves[0].One_salve/HCU_Slave/PC_adr<10>" is
unused and has been removed.
               Unused block "my_Master/Xslaves[0].Yslaves[0].One_salve/HCU_Slave/PC_adr_10"
(SFF) removed.
                The signal
"my_Master/Xslaves[0].Yslaves[0].One_salve/HCU_Slave/etat[1]_Startadres[31]_mux_
119_OUT<10>" is unused and has been removed.
                 Unused block
"my_Master/Xslaves[0].Yslaves[0].One_salve/HCU_Slave/Mmux_etat[1]_Startadres[31]
_mux_119_OUT45" (ROM) removed.
                  The signal
"my_Master/Xslaves[0].Yslaves[0].One_salve/HCU_Slave/Mmux_etat[1]_Startadres[31]
_mux_119_OUT41" is unused and has been removed.
                   Unused block
"my_Master/Xslaves[0].Yslaves[0].One_salve/HCU_Slave/Mmux_etat[1]_Startadres[31]
_mux_119_OUT42" (ROM) removed.
                    The signal
"my_Master/Xslaves[0].Yslaves[0].One_salve/HCU_Slave/PC_adr[31]_GND_114_o_add_96
_OUT<10>" is unused and has been removed.
                     Unused block
"my_Master/Xslaves[0].Yslaves[0].One_salve/HCU_Slave/Madd_PC_adr[31]_GND_114_o_a
dd_96_OUT_xor<10>" (XOR) removed.
                    The signal
"my_Master/Xslaves[0].Yslaves[0].One_salve/HCU_Slave/PC_adr[31]_GND_114_o_add_49
_OUT<10>" is unused and has been removed.
                     Unused block
"my_Master/Xslaves[0].Yslaves[0].One_salve/HCU_Slave/Madd_PC_adr[31]_GND_114_o_a
dd_49_OUT_xor<10>" (XOR) removed.
                  The signal
"my_Master/Xslaves[0].Yslaves[0].One_salve/HCU_Slave/Mmux_etat[1]_Startadres[31]
_mux_119_OUT43" is unused and has been removed.
                   Unused block
"my_Master/Xslaves[0].Yslaves[0].One_salve/HCU_Slave/Mmux_etat[1]_Startadres[31]
_mux_119_OUT44" (ROM) removed.
                    The signal
"my_Master/Xslaves[0].Yslaves[0].One_salve/HCU_Slave/Mmux_etat[1]_Startadres[31]
_mux_119_OUT42" is unused and has been removed.
                     Unused block
"my_Master/Xslaves[0].Yslaves[0].One_salve/HCU_Slave/Mmux_etat[1]_Startadres[31]
_mux_119_OUT43" (ROM) removed.
                      The signal
"my_Master/Xslaves[0].Yslaves[0].One_salve/HCU_Slave/PC_adr[31]_PC_adr[1]_add_25
_OUT<10>" is unused and has been removed.
                       Unused block
"my_Master/Xslaves[0].Yslaves[0].One_salve/HCU_Slave/Madd_PC_adr[31]_PC_adr[1]_a
dd_25_OUT_xor<10>" (XOR) removed.
                        The signal
"my_Master/Xslaves[0].Yslaves[0].One_salve/HCU_Slave/Madd_PC_adr[31]_PC_adr[1]_a
dd_25_OUT_lut<10>" is unused and has been removed.
                         Unused block
"my_Master/Xslaves[0].Yslaves[0].One_salve/HCU_Slave/Madd_PC_adr[31]_PC_adr[1]_a
dd_25_OUT_lut<10>" (ROM) removed.
                      The signal "my_Master/Xslaves[0].Yslaves[0].One_salve/HCU_Slave/retbus<10>" is
unused and has been removed.
                  The signal
"my_Master/Xslaves[0].Yslaves[0].One_salve/HCU_Slave/Mmux_etat[1]_Startadres[31]
_mux_119_OUT4" is unused and has been removed.
                   Unused block
"my_Master/Xslaves[0].Yslaves[0].One_salve/HCU_Slave/Mmux_etat[1]_Startadres[31]
_mux_119_OUT41" (ROM) removed.
          The signal "my_Master/Xslaves[0].Yslaves[0].One_salve/HCU_Slave/retbus<11>" is
unused and has been removed.
      The signal
"my_Master/Xslaves[0].Yslaves[0].One_salve/HCU_Slave/Mmux_etat[1]_Startadres[31]
_mux_119_OUT6" is unused and has been removed.
       Unused block
"my_Master/Xslaves[0].Yslaves[0].One_salve/HCU_Slave/Mmux_etat[1]_Startadres[31]
_mux_119_OUT61" (ROM) removed.
The signal
"my_Master/Xslaves[0].Yslaves[0].One_salve/HCU_Slave/Madd_PC_adr[31]_GND_114_o_a
dd_20_OUT_cy<10>" is unused and has been removed.
 Unused block
"my_Master/Xslaves[0].Yslaves[0].One_salve/HCU_Slave/Madd_PC_adr[31]_GND_114_o_a
dd_20_OUT_cy<10>" (MUX) removed.
  The signal
"my_Master/Xslaves[0].Yslaves[0].One_salve/HCU_Slave/Madd_PC_adr[31]_GND_114_o_a
dd_20_OUT_cy<9>" is unused and has been removed.
   Unused block
"my_Master/Xslaves[0].Yslaves[0].One_salve/HCU_Slave/Madd_PC_adr[31]_GND_114_o_a
dd_20_OUT_cy<9>" (MUX) removed.
    The signal
"my_Master/Xslaves[0].Yslaves[0].One_salve/HCU_Slave/Madd_PC_adr[31]_GND_114_o_a
dd_20_OUT_cy<8>" is unused and has been removed.
     Unused block
"my_Master/Xslaves[0].Yslaves[0].One_salve/HCU_Slave/Madd_PC_adr[31]_GND_114_o_a
dd_20_OUT_cy<8>" (MUX) removed.
      The signal
"my_Master/Xslaves[0].Yslaves[0].One_salve/HCU_Slave/Madd_PC_adr[31]_GND_114_o_a
dd_20_OUT_cy<7>" is unused and has been removed.
       Unused block
"my_Master/Xslaves[0].Yslaves[0].One_salve/HCU_Slave/Madd_PC_adr[31]_GND_114_o_a
dd_20_OUT_cy<7>" (MUX) removed.
The signal "my_Master/Xslaves[0].Yslaves[0].One_salve/HCU_Slave/PC_ret<11>" is
unused and has been removed.
 Unused block "my_Master/Xslaves[0].Yslaves[0].One_salve/HCU_Slave/PC_ret_11"
(FF) removed.
  The signal
"my_Master/Xslaves[0].Yslaves[0].One_salve/HCU_Slave/PC_adr[31]_GND_114_o_add_20
_OUT<11>" is unused and has been removed.
   Unused block
"my_Master/Xslaves[0].Yslaves[0].One_salve/HCU_Slave/Madd_PC_adr[31]_GND_114_o_a
dd_20_OUT_xor<11>" (XOR) removed.
The signal "my_Master/Xslaves[0].Yslaves[0].One_salve/HCU_Slave/PC_ret<10>" is
unused and has been removed.
 Unused block "my_Master/Xslaves[0].Yslaves[0].One_salve/HCU_Slave/PC_ret_10"
(FF) removed.
  The signal
"my_Master/Xslaves[0].Yslaves[0].One_salve/HCU_Slave/PC_adr[31]_GND_114_o_add_20
_OUT<10>" is unused and has been removed.
   Unused block
"my_Master/Xslaves[0].Yslaves[0].One_salve/HCU_Slave/Madd_PC_adr[31]_GND_114_o_a
dd_20_OUT_xor<10>" (XOR) removed.
The signal "my_Master/Xslaves[0].Yslaves[0].One_salve/HCU_Slave/PC_ret<9>" is
unused and has been removed.
 Unused block "my_Master/Xslaves[0].Yslaves[0].One_salve/HCU_Slave/PC_ret_9" (FF)
removed.
  The signal
"my_Master/Xslaves[0].Yslaves[0].One_salve/HCU_Slave/PC_adr[31]_GND_114_o_add_20
_OUT<9>" is unused and has been removed.
   Unused block
"my_Master/Xslaves[0].Yslaves[0].One_salve/HCU_Slave/Madd_PC_adr[31]_GND_114_o_a
dd_20_OUT_xor<9>" (XOR) removed.
The signal "my_Master/Xslaves[0].Yslaves[0].One_salve/HCU_Slave/PC_ret<8>" is
unused and has been removed.
 Unused block "my_Master/Xslaves[0].Yslaves[0].One_salve/HCU_Slave/PC_ret_8" (FF)
removed.
  The signal
"my_Master/Xslaves[0].Yslaves[0].One_salve/HCU_Slave/PC_adr[31]_GND_114_o_add_20
_OUT<8>" is unused and has been removed.
   Unused block
"my_Master/Xslaves[0].Yslaves[0].One_salve/HCU_Slave/Madd_PC_adr[31]_GND_114_o_a
dd_20_OUT_xor<8>" (XOR) removed.
Unused block "my_Master/Inst_IP_square/Inst_IP_mul16_1/my_mul16/blk00000001"
(ONE) removed.
Unused block "my_Master/Inst_IP_square/Inst_IP_mul16_1/my_mul16/blk00000002"
(ZERO) removed.
Unused block "my_Master/Inst_IP_square/Inst_IP_mul16_2/my_mul16/blk00000001"
(ONE) removed.
Unused block "my_Master/Inst_IP_square/Inst_IP_mul16_2/my_mul16/blk00000002"
(ZERO) removed.
Unused block "my_Master/Mfunit.Inst_IPFunit/my_addsub/BU2/XST_GND" (ZERO)
removed.
Unused block "my_Master/Mfunit.Inst_IPFunit/my_addsub/GND" (ZERO) removed.
Unused block "my_Master/Mfunit.Inst_IPFunit/my_addsub/VCC" (ONE) removed.
Unused block "my_Master/Mfunit.Inst_IPFunit/my_incdec/BU2/XST_GND" (ZERO)
removed.
Unused block "my_Master/Mfunit.Inst_IPFunit/my_incdec/GND" (ZERO) removed.
Unused block "my_Master/Mfunit.Inst_IPFunit/my_incdec/VCC" (ONE) removed.
Unused block "my_Master/Mmul16.Inst_IP_mul16/my_mul16/blk00000001" (ONE)
removed.
Unused block "my_Master/Mmul16.Inst_IP_mul16/my_mul16/blk00000002" (ZERO)
removed.
Unused block
"my_Master/Xslaves[0].Yslaves[0].One_salve/Sfunit.Inst_IPFunit/my_addsub/BU2/XST
_GND" (ZERO) removed.
Unused block
"my_Master/Xslaves[0].Yslaves[0].One_salve/Sfunit.Inst_IPFunit/my_addsub/GND"
(ZERO) removed.
Unused block
"my_Master/Xslaves[0].Yslaves[0].One_salve/Sfunit.Inst_IPFunit/my_addsub/VCC"
(ONE) removed.
Unused block
"my_Master/Xslaves[0].Yslaves[0].One_salve/Sfunit.Inst_IPFunit/my_incdec/BU2/XST
_GND" (ZERO) removed.
Unused block
"my_Master/Xslaves[0].Yslaves[0].One_salve/Sfunit.Inst_IPFunit/my_incdec/GND"
(ZERO) removed.
Unused block
"my_Master/Xslaves[0].Yslaves[0].One_salve/Sfunit.Inst_IPFunit/my_incdec/VCC"
(ONE) removed.
Unused block
"my_Master/Xslaves[0].Yslaves[0].One_salve/Smul16.Inst_IP_mul16/my_mul16/blk0000
0001" (ONE) removed.
Unused block
"my_Master/Xslaves[0].Yslaves[0].One_salve/Smul16.Inst_IP_mul16/my_mul16/blk0000
0002" (ZERO) removed.
Unused block
"my_Master/Xslaves[1].Yslaves[0].One_salve/Sfunit.Inst_IPFunit/my_addsub/BU2/XST
_GND" (ZERO) removed.
Unused block
"my_Master/Xslaves[1].Yslaves[0].One_salve/Sfunit.Inst_IPFunit/my_addsub/GND"
(ZERO) removed.
Unused block
"my_Master/Xslaves[1].Yslaves[0].One_salve/Sfunit.Inst_IPFunit/my_addsub/VCC"
(ONE) removed.
Unused block
"my_Master/Xslaves[1].Yslaves[0].One_salve/Sfunit.Inst_IPFunit/my_incdec/BU2/XST
_GND" (ZERO) removed.
Unused block
"my_Master/Xslaves[1].Yslaves[0].One_salve/Sfunit.Inst_IPFunit/my_incdec/GND"
(ZERO) removed.
Unused block
"my_Master/Xslaves[1].Yslaves[0].One_salve/Sfunit.Inst_IPFunit/my_incdec/VCC"
(ONE) removed.
Unused block
"my_Master/Xslaves[1].Yslaves[0].One_salve/Smul16.Inst_IP_mul16/my_mul16/blk0000
0001" (ONE) removed.
Unused block
"my_Master/Xslaves[1].Yslaves[0].One_salve/Smul16.Inst_IP_mul16/my_mul16/blk0000
0002" (ZERO) removed.

Optimized Block(s):
TYPE 		BLOCK
GND 		My_E190/XLXI_1/XST_GND
VCC 		My_E190/XLXI_1/XST_VCC
VCC 		My_E190/XLXI_2
GND 		XST_GND
GND 		my_Master/Inst_IP_square/Inst_IP_mul16_1/my_mul16/blk00000003/blk00000004
LUT4 		my_Master/Inst_IP_square/Inst_IP_mul16_1/my_mul16/blk00000003/blk00000329
LUT4 		my_Master/Inst_IP_square/Inst_IP_mul16_1/my_mul16/blk00000003/blk0000033a
LUT4 		my_Master/Inst_IP_square/Inst_IP_mul16_1/my_mul16/blk00000003/blk0000034b
LUT4 		my_Master/Inst_IP_square/Inst_IP_mul16_1/my_mul16/blk00000003/blk0000034d
LUT4 		my_Master/Inst_IP_square/Inst_IP_mul16_1/my_mul16/blk00000003/blk0000035e
LUT4 		my_Master/Inst_IP_square/Inst_IP_mul16_1/my_mul16/blk00000003/blk0000036f
LUT4 		my_Master/Inst_IP_square/Inst_IP_mul16_1/my_mul16/blk00000003/blk00000380
LUT4 		my_Master/Inst_IP_square/Inst_IP_mul16_1/my_mul16/blk00000003/blk00000391
GND 		my_Master/Inst_IP_square/Inst_IP_mul16_2/my_mul16/blk00000003/blk00000004
LUT4 		my_Master/Inst_IP_square/Inst_IP_mul16_2/my_mul16/blk00000003/blk00000329
LUT4 		my_Master/Inst_IP_square/Inst_IP_mul16_2/my_mul16/blk00000003/blk0000033a
LUT4 		my_Master/Inst_IP_square/Inst_IP_mul16_2/my_mul16/blk00000003/blk0000034b
LUT4 		my_Master/Inst_IP_square/Inst_IP_mul16_2/my_mul16/blk00000003/blk0000034d
LUT4 		my_Master/Inst_IP_square/Inst_IP_mul16_2/my_mul16/blk00000003/blk0000035e
LUT4 		my_Master/Inst_IP_square/Inst_IP_mul16_2/my_mul16/blk00000003/blk0000036f
LUT4 		my_Master/Inst_IP_square/Inst_IP_mul16_2/my_mul16/blk00000003/blk00000380
LUT4 		my_Master/Inst_IP_square/Inst_IP_mul16_2/my_mul16/blk00000003/blk00000391
GND 		my_Master/Mmul16.Inst_IP_mul16/my_mul16/blk00000003/blk00000004
GND
		my_Master/Xslaves[0].Yslaves[0].One_salve/Smul16.Inst_IP_mul16/my_mul16/blk000
00003/blk00000004
GND
		my_Master/Xslaves[1].Yslaves[0].One_salve/Smul16.Inst_IP_mul16/my_mul16/blk000
00003/blk00000004

To enable printing of redundant blocks removed and signals merged, set the
detailed map report option and rerun map.

Section 12 - Configuration String Details
-----------------------------------------
Use the "-detail" map option to print out Configuration Strings

Section 13 - Control Set Information
------------------------------------
Use the "-detail" map option to print out Control Set Information.
