Command line:
   btn_pulse_isim_beh.exe
     -simmode  gui
     -simrunnum  1
     -socket  43773

Tue Oct 11 17:39:45 2016


 Elaboration Time: 0.01 sec

 Current Memory Usage: 157.696 Meg

 Total Signals          : 11
 Total Nets             : 11
 Total Signal Drivers   : 8
 Total Blocks           : 2
 Total Primitive Blocks : 2
 Total Processes        : 3
 Total Traceable Variables  : 8
 Total Scalar Nets and Variables : 371
Total Line Count : 10

 Total Simulation Time: 0.67 sec

 Current Memory Usage: 232.145 Meg

Tue Oct 11 17:41:46 2016

