Command line:
   shift_vector_isim_beh.exe
     -simmode  gui
     -simrunnum  2
     -socket  59058

Tue Oct  4 17:48:52 2016


 Elaboration Time: 0.01 sec

 Current Memory Usage: 157.696 Meg

 Total Signals          : 3
 Total Nets             : 17
 Total Signal Drivers   : 2
 Total Blocks           : 2
 Total Primitive Blocks : 2
 Total Processes        : 1
 Total Traceable Variables  : 8
 Total Scalar Nets and Variables : 377
Total Line Count : 7

 Total Simulation Time: 2.07 sec

 Current Memory Usage: 232.145 Meg

Tue Oct  4 17:58:57 2016

