Command line:
   chenillard_isim_beh.exe
     -simmode  gui
     -simrunnum  0
     -socket  43748

Mon Oct 10 18:49:08 2016


 Elaboration Time: 0 sec

 Current Memory Usage: 157.815 Meg

 Total Signals          : 8
 Total Nets             : 18
 Total Signal Drivers   : 3
 Total Blocks           : 5
 Total Primitive Blocks : 4
 Total Processes        : 2
 Total Traceable Variables  : 13
 Total Scalar Nets and Variables : 501
Total Line Count : 11

 Total Simulation Time: 2262.17 sec

 Current Memory Usage: 232.264 Meg

Mon Oct 10 19:27:14 2016

