Command line:
   fibogen_isim_beh.exe
     -simmode  gui
     -simrunnum  0
     -socket  34508

Mon Dec  5 14:14:17 2016


 Elaboration Time: 0 sec

 Current Memory Usage: 157.807 Meg

 Total Signals          : 5
 Total Nets             : 98
 Total Signal Drivers   : 3
 Total Blocks           : 4
 Total Primitive Blocks : 4
 Total Processes        : 1
 Total Traceable Variables  : 10
 Total Scalar Nets and Variables : 476
Total Line Count : 8

 Total Simulation Time: 0.11 sec

 Current Memory Usage: 232.255 Meg

Mon Dec  5 14:45:00 2016

