Running: /opt/Xilinx/12.4/ISE_DS/ISE/bin/lin64/unwrapped/fuse -intstyle ise -incremental -lib secureip -o /home/m1/peyroux/Documents/M1S1/AEO/TP41/chenillard_isim_beh.exe -prj /home/m1/peyroux/Documents/M1S1/AEO/TP41/chenillard_beh.prj work.chenillard 
ISim M.81d (signature 0x9ca8bed6)
Number of CPUs detected in this system: 4
Turning on mult-threading, number of parallel sub-compilation jobs: 8 
Determining compilation order of HDL files
Parsing VHDL file "/home/m1/peyroux/Documents/M1S1/AEO/TP41/shift_vector.vhd" into library work
Parsing VHDL file "/home/m1/peyroux/Documents/M1S1/AEO/TP41/clk_div.vhd" into library work
Parsing VHDL file "/home/m1/peyroux/Documents/M1S1/AEO/TP41/chenillard.vhd" into library work
Starting static elaboration
Completed static elaboration
Fuse Memory Usage: 73376 KB
Fuse CPU Usage: 60 ms
Using precompiled package standard from library std
Using precompiled package std_logic_1164 from library ieee
Using precompiled package numeric_std from library ieee
Compiling architecture behavioral of entity clk_div [clk_div_default]
Compiling architecture behavioral of entity shift_vector [shift_vector_default]
Compiling architecture behavioral of entity chenillard
Time Resolution for simulation is 1ps.
Waiting for 1 sub-compilation(s) to finish...
Compiled 8 VHDL Units
Built simulation executable /home/m1/peyroux/Documents/M1S1/AEO/TP41/chenillard_isim_beh.exe
Fuse Memory Usage: 634544 KB
Fuse CPU Usage: 70 ms
GCC CPU Usage: 120 ms
