ISim log file
Running: /home/m1/peyroux/Documents/M1S1/AEO/TP4/shift_vector_isim_beh.exe -gui -tclbatch isim.cmd -wdb /home/m1/peyroux/Documents/M1S1/AEO/TP4/shift_vector_isim_beh.wdb 
INFO: There is another simulation running in the same directory. Using database file name isim2.wdb.
ISim M.81d (signature 0x9ca8bed6)
WARNING: A WEBPACK license was found.
WARNING: Please use Xilinx License Configuration Manager to check out a full ISim license.
WARNING: ISim will run in Lite mode. Please refer to the ISim documentation for more information on the differences between the Lite and the Full version.
This is a Lite version of ISim.
Time resolution is 1 ps
# onerror resume
# wave add /
# run 1000 ns
Simulator is doing circuit initialization process.
Finished circuit initialization process.
# isim force add /shift_vector/clk 1 -radix bin -value 1 -radix bin -time 500 fs -repeat 1 ps
# isim force add /shift_vector/clk 1 -radix bin -value 1 -radix bin -time 500 fs -repeat 1 ps
# run 1.00us
# run 1.00us
# exit 0
# exit 0
# exit 0
