--------------------------------------------------------------------------------
Release 12.4 Trace  (lin64)
Copyright (c) 1995-2010 Xilinx, Inc.  All rights reserved.

/opt/Xilinx/12.4/ISE_DS/ISE/bin/lin64/unwrapped/trce -intstyle ise -v 3 -s 3 -n
3 -fastpaths -xml shift.twx shift.ncd -o shift.twr shift.pcf -ucf shift.ucf

Design file:              shift.ncd
Physical constraint file: shift.pcf
Device,package,speed:     xc6slx16,csg324,C,-3 (PRODUCTION 1.15 2010-12-02)
Report level:             verbose report

Environment Variable      Effect 
--------------------      ------ 
NONE                      No environment variables were set
--------------------------------------------------------------------------------

INFO:Timing:2698 - No timing constraints found, doing default enumeration.
INFO:Timing:2752 - To get complete path coverage, use the unconstrained paths 
   option. All paths that are not constrained will be reported in the 
   unconstrained paths section(s) of the report.
INFO:Timing:3339 - The clock-to-out numbers in this timing report are based on 
   a 50 Ohm transmission line loading model.  For the details of this model, 
   and for more information on accounting for different loading conditions, 
   please see the device datasheet.



Data Sheet report:
-----------------
All values displayed in nanoseconds (ns)

Clock clk to Pad
------------+-----------------+------------+-----------------+------------+------------------+--------+
            |Max (slowest) clk|  Process   |Min (fastest) clk|  Process   |                  | Clock  |
Destination |  (edge) to PAD  |   Corner   |  (edge) to PAD  |   Corner   |Internal Clock(s) | Phase  |
------------+-----------------+------------+-----------------+------------+------------------+--------+
led<0>      |         7.582(R)|      SLOW  |         3.967(R)|      FAST  |clk_BUFGP         |   0.000|
led<1>      |         7.508(R)|      SLOW  |         3.926(R)|      FAST  |clk_BUFGP         |   0.000|
led<2>      |         7.706(R)|      SLOW  |         4.046(R)|      FAST  |clk_BUFGP         |   0.000|
led<3>      |         7.387(R)|      SLOW  |         3.849(R)|      FAST  |clk_BUFGP         |   0.000|
led<4>      |         6.832(R)|      SLOW  |         3.418(R)|      FAST  |clk_BUFGP         |   0.000|
led<5>      |         7.051(R)|      SLOW  |         3.559(R)|      FAST  |clk_BUFGP         |   0.000|
led<6>      |         6.868(R)|      SLOW  |         3.468(R)|      FAST  |clk_BUFGP         |   0.000|
led<7>      |         7.203(R)|      SLOW  |         3.680(R)|      FAST  |clk_BUFGP         |   0.000|
------------+-----------------+------------+-----------------+------------+------------------+--------+

Clock to Setup on destination clock clk
---------------+---------+---------+---------+---------+
               | Src:Rise| Src:Fall| Src:Rise| Src:Fall|
Source Clock   |Dest:Rise|Dest:Rise|Dest:Fall|Dest:Fall|
---------------+---------+---------+---------+---------+
clk            |    1.295|         |         |         |
---------------+---------+---------+---------+---------+


Analysis completed Tue Oct  4 17:31:25 2016 
--------------------------------------------------------------------------------

Trace Settings:
-------------------------
Trace Settings 

Peak Memory Usage: 287 MB



