ISim log file
Running: /home/m1/peyroux/Documents/M1S1/AEO/TP5/btn_pulse_isim_beh.exe -gui -tclbatch isim.cmd -wdb /home/m1/peyroux/Documents/M1S1/AEO/TP5/btn_pulse_isim_beh.wdb 
INFO: There is another simulation running in the same directory. Using database file name isim1.wdb.
ISim M.81d (signature 0x9ca8bed6)
WARNING: A WEBPACK license was found.
WARNING: Please use Xilinx License Configuration Manager to check out a full ISim license.
WARNING: ISim will run in Lite mode. Please refer to the ISim documentation for more information on the differences between the Lite and the Full version.
This is a Lite version of ISim.
Time resolution is 1 ps
# onerror resume
# wave add /
# run 1000 ns
Simulator is doing circuit initialization process.
Finished circuit initialization process.
# isim force add /btn_pulse/clk 0 -radix bin -value 1 -radix bin -time 5 ps -repeat 10 ps
# isim force add /btn_pulse/clk 0 -radix bin -value 1 -radix bin -time 5 ns -repeat 10 ns
# isim force add /btn_pulse/clk 0 -radix bin -value 1 -radix bin -time 5 ns -repeat 10 ns
# isim force add /btn_pulse/e 0 -radix bin -value 1 -radix bin -time 10 ns -repeat 20 ns
# isim force add /btn_pulse/e 0 -radix bin -value 1 -radix bin -time 10 ns -repeat 20 ns
# isim force add /btn_pulse/inp 1 -radix bin
# run all
Stopped at time : 8784335 ns : File "/home/m1/peyroux/Documents/M1S1/AEO/TP5/btn_pulse.vhd" Line 57
